The system is: Linux - 4.9.0-6-amd64 - x86_64
Compiling the CXX compiler identification source file "CMakeCXXCompilerId.cpp" succeeded.
Compiler: /usr/local/bin/c++ 
Build flags: 
Id flags: 

The output was:
0


Compilation of the CXX compiler identification source "CMakeCXXCompilerId.cpp" produced "a.out"

The CXX compiler identification is GNU, found in "/home/juiwenyeh/Lazi_tech/MakeNTU_2019_G27/OpenCV/build/CMakeFiles/3.7.2/CompilerIdCXX/a.out"

Compiling the C compiler identification source file "CMakeCCompilerId.c" succeeded.
Compiler: /usr/local/bin/gcc 
Build flags: 
Id flags: 

The output was:
0


Compilation of the C compiler identification source "CMakeCCompilerId.c" produced "a.out"

The C compiler identification is GNU, found in "/home/juiwenyeh/Lazi_tech/MakeNTU_2019_G27/OpenCV/build/CMakeFiles/3.7.2/CompilerIdC/a.out"

Determining if the CXX compiler works passed with the following output:
Change Dir: /home/juiwenyeh/Lazi_tech/MakeNTU_2019_G27/OpenCV/build/CMakeFiles/CMakeTmp

Run Build Command:"/usr/bin/make" "cmTC_1b24f/fast"
/usr/bin/make -f CMakeFiles/cmTC_1b24f.dir/build.make CMakeFiles/cmTC_1b24f.dir/build
make[1]: Entering directory '/home/juiwenyeh/Lazi_tech/MakeNTU_2019_G27/OpenCV/build/CMakeFiles/CMakeTmp'
Building CXX object CMakeFiles/cmTC_1b24f.dir/testCXXCompiler.cxx.o
/usr/local/bin/c++     -fPIE   -o CMakeFiles/cmTC_1b24f.dir/testCXXCompiler.cxx.o -c /home/juiwenyeh/Lazi_tech/MakeNTU_2019_G27/OpenCV/build/CMakeFiles/CMakeTmp/testCXXCompiler.cxx
Linking CXX executable cmTC_1b24f
/usr/bin/cmake -E cmake_link_script CMakeFiles/cmTC_1b24f.dir/link.txt --verbose=1
/usr/local/bin/c++        CMakeFiles/cmTC_1b24f.dir/testCXXCompiler.cxx.o  -o cmTC_1b24f -rdynamic 
make[1]: Leaving directory '/home/juiwenyeh/Lazi_tech/MakeNTU_2019_G27/OpenCV/build/CMakeFiles/CMakeTmp'


Detecting CXX compiler ABI info compiled with the following output:
Change Dir: /home/juiwenyeh/Lazi_tech/MakeNTU_2019_G27/OpenCV/build/CMakeFiles/CMakeTmp

Run Build Command:"/usr/bin/make" "cmTC_589b1/fast"
/usr/bin/make -f CMakeFiles/cmTC_589b1.dir/build.make CMakeFiles/cmTC_589b1.dir/build
make[1]: Entering directory '/home/juiwenyeh/Lazi_tech/MakeNTU_2019_G27/OpenCV/build/CMakeFiles/CMakeTmp'
Building CXX object CMakeFiles/cmTC_589b1.dir/CMakeCXXCompilerABI.cpp.o
/usr/local/bin/c++     -fPIE   -o CMakeFiles/cmTC_589b1.dir/CMakeCXXCompilerABI.cpp.o -c /usr/share/cmake-3.7/Modules/CMakeCXXCompilerABI.cpp
Linking CXX executable cmTC_589b1
/usr/bin/cmake -E cmake_link_script CMakeFiles/cmTC_589b1.dir/link.txt --verbose=1
/usr/local/bin/c++       -v CMakeFiles/cmTC_589b1.dir/CMakeCXXCompilerABI.cpp.o  -o cmTC_589b1 -rdynamic  
使用內建 specs。
COLLECT_GCC=/usr/local/bin/c++
COLLECT_LTO_WRAPPER=/usr/local/libexec/gcc/x86_64-pc-linux-gnu/8.2.0/lto-wrapper
目的：x86_64-pc-linux-gnu
配置為：./configure
執行緒模型：posix
gcc version 8.2.0 (GCC) 
COMPILER_PATH=/usr/local/libexec/gcc/x86_64-pc-linux-gnu/8.2.0/:/usr/local/libexec/gcc/x86_64-pc-linux-gnu/8.2.0/:/usr/local/libexec/gcc/x86_64-pc-linux-gnu/:/usr/local/lib/gcc/x86_64-pc-linux-gnu/8.2.0/:/usr/local/lib/gcc/x86_64-pc-linux-gnu/
LIBRARY_PATH=/usr/local/lib/gcc/x86_64-pc-linux-gnu/8.2.0/:/usr/local/lib/gcc/x86_64-pc-linux-gnu/8.2.0/../../../../lib64/:/lib/x86_64-linux-gnu/:/lib/../lib64/:/usr/lib/x86_64-linux-gnu/:/usr/local/lib/gcc/x86_64-pc-linux-gnu/8.2.0/../../../:/lib/:/usr/lib/
COLLECT_GCC_OPTIONS='-v' '-o' 'cmTC_589b1' '-rdynamic' '-shared-libgcc' '-mtune=generic' '-march=x86-64'
 /usr/local/libexec/gcc/x86_64-pc-linux-gnu/8.2.0/collect2 -plugin /usr/local/libexec/gcc/x86_64-pc-linux-gnu/8.2.0/liblto_plugin.so -plugin-opt=/usr/local/libexec/gcc/x86_64-pc-linux-gnu/8.2.0/lto-wrapper -plugin-opt=-fresolution=/tmp/ccRNaspE.res -plugin-opt=-pass-through=-lgcc_s -plugin-opt=-pass-through=-lgcc -plugin-opt=-pass-through=-lc -plugin-opt=-pass-through=-lgcc_s -plugin-opt=-pass-through=-lgcc --eh-frame-hdr -m elf_x86_64 -export-dynamic -dynamic-linker /lib64/ld-linux-x86-64.so.2 -o cmTC_589b1 /usr/lib/x86_64-linux-gnu/crt1.o /usr/lib/x86_64-linux-gnu/crti.o /usr/local/lib/gcc/x86_64-pc-linux-gnu/8.2.0/crtbegin.o -L/usr/local/lib/gcc/x86_64-pc-linux-gnu/8.2.0 -L/usr/local/lib/gcc/x86_64-pc-linux-gnu/8.2.0/../../../../lib64 -L/lib/x86_64-linux-gnu -L/lib/../lib64 -L/usr/lib/x86_64-linux-gnu -L/usr/local/lib/gcc/x86_64-pc-linux-gnu/8.2.0/../../.. CMakeFiles/cmTC_589b1.dir/CMakeCXXCompilerABI.cpp.o -lstdc++ -lm -lgcc_s -lgcc -lc -lgcc_s -lgcc /usr/local/lib/gcc/x86_64-pc-linux-gnu/8.2.0/crtend.o /usr/lib/x86_64-linux-gnu/crtn.o
COLLECT_GCC_OPTIONS='-v' '-o' 'cmTC_589b1' '-rdynamic' '-shared-libgcc' '-mtune=generic' '-march=x86-64'
make[1]: Leaving directory '/home/juiwenyeh/Lazi_tech/MakeNTU_2019_G27/OpenCV/build/CMakeFiles/CMakeTmp'


Parsed CXX implicit link information from above output:
  link line regex: [^( *|.*[/\])(ld|([^/\]+-)?ld|collect2)[^/\]*( |$)]
  ignore line: [Change Dir: /home/juiwenyeh/Lazi_tech/MakeNTU_2019_G27/OpenCV/build/CMakeFiles/CMakeTmp]
  ignore line: []
  ignore line: [Run Build Command:"/usr/bin/make" "cmTC_589b1/fast"]
  ignore line: [/usr/bin/make -f CMakeFiles/cmTC_589b1.dir/build.make CMakeFiles/cmTC_589b1.dir/build]
  ignore line: [make[1]: Entering directory '/home/juiwenyeh/Lazi_tech/MakeNTU_2019_G27/OpenCV/build/CMakeFiles/CMakeTmp']
  ignore line: [Building CXX object CMakeFiles/cmTC_589b1.dir/CMakeCXXCompilerABI.cpp.o]
  ignore line: [/usr/local/bin/c++     -fPIE   -o CMakeFiles/cmTC_589b1.dir/CMakeCXXCompilerABI.cpp.o -c /usr/share/cmake-3.7/Modules/CMakeCXXCompilerABI.cpp]
  ignore line: [Linking CXX executable cmTC_589b1]
  ignore line: [/usr/bin/cmake -E cmake_link_script CMakeFiles/cmTC_589b1.dir/link.txt --verbose=1]
  ignore line: [/usr/local/bin/c++       -v CMakeFiles/cmTC_589b1.dir/CMakeCXXCompilerABI.cpp.o  -o cmTC_589b1 -rdynamic  ]
  ignore line: [使用內建 specs。]
  ignore line: [COLLECT_GCC=/usr/local/bin/c++]
  ignore line: [COLLECT_LTO_WRAPPER=/usr/local/libexec/gcc/x86_64-pc-linux-gnu/8.2.0/lto-wrapper]
  ignore line: [目的：x86_64-pc-linux-gnu]
  ignore line: [配置為：./configure]
  ignore line: [執行緒模型：posix]
  ignore line: [gcc version 8.2.0 (GCC) ]
  ignore line: [COMPILER_PATH=/usr/local/libexec/gcc/x86_64-pc-linux-gnu/8.2.0/:/usr/local/libexec/gcc/x86_64-pc-linux-gnu/8.2.0/:/usr/local/libexec/gcc/x86_64-pc-linux-gnu/:/usr/local/lib/gcc/x86_64-pc-linux-gnu/8.2.0/:/usr/local/lib/gcc/x86_64-pc-linux-gnu/]
  ignore line: [LIBRARY_PATH=/usr/local/lib/gcc/x86_64-pc-linux-gnu/8.2.0/:/usr/local/lib/gcc/x86_64-pc-linux-gnu/8.2.0/../../../../lib64/:/lib/x86_64-linux-gnu/:/lib/../lib64/:/usr/lib/x86_64-linux-gnu/:/usr/local/lib/gcc/x86_64-pc-linux-gnu/8.2.0/../../../:/lib/:/usr/lib/]
  ignore line: [COLLECT_GCC_OPTIONS='-v' '-o' 'cmTC_589b1' '-rdynamic' '-shared-libgcc' '-mtune=generic' '-march=x86-64']
  link line: [ /usr/local/libexec/gcc/x86_64-pc-linux-gnu/8.2.0/collect2 -plugin /usr/local/libexec/gcc/x86_64-pc-linux-gnu/8.2.0/liblto_plugin.so -plugin-opt=/usr/local/libexec/gcc/x86_64-pc-linux-gnu/8.2.0/lto-wrapper -plugin-opt=-fresolution=/tmp/ccRNaspE.res -plugin-opt=-pass-through=-lgcc_s -plugin-opt=-pass-through=-lgcc -plugin-opt=-pass-through=-lc -plugin-opt=-pass-through=-lgcc_s -plugin-opt=-pass-through=-lgcc --eh-frame-hdr -m elf_x86_64 -export-dynamic -dynamic-linker /lib64/ld-linux-x86-64.so.2 -o cmTC_589b1 /usr/lib/x86_64-linux-gnu/crt1.o /usr/lib/x86_64-linux-gnu/crti.o /usr/local/lib/gcc/x86_64-pc-linux-gnu/8.2.0/crtbegin.o -L/usr/local/lib/gcc/x86_64-pc-linux-gnu/8.2.0 -L/usr/local/lib/gcc/x86_64-pc-linux-gnu/8.2.0/../../../../lib64 -L/lib/x86_64-linux-gnu -L/lib/../lib64 -L/usr/lib/x86_64-linux-gnu -L/usr/local/lib/gcc/x86_64-pc-linux-gnu/8.2.0/../../.. CMakeFiles/cmTC_589b1.dir/CMakeCXXCompilerABI.cpp.o -lstdc++ -lm -lgcc_s -lgcc -lc -lgcc_s -lgcc /usr/local/lib/gcc/x86_64-pc-linux-gnu/8.2.0/crtend.o /usr/lib/x86_64-linux-gnu/crtn.o]
    arg [/usr/local/libexec/gcc/x86_64-pc-linux-gnu/8.2.0/collect2] ==> ignore
    arg [-plugin] ==> ignore
    arg [/usr/local/libexec/gcc/x86_64-pc-linux-gnu/8.2.0/liblto_plugin.so] ==> ignore
    arg [-plugin-opt=/usr/local/libexec/gcc/x86_64-pc-linux-gnu/8.2.0/lto-wrapper] ==> ignore
    arg [-plugin-opt=-fresolution=/tmp/ccRNaspE.res] ==> ignore
    arg [-plugin-opt=-pass-through=-lgcc_s] ==> ignore
    arg [-plugin-opt=-pass-through=-lgcc] ==> ignore
    arg [-plugin-opt=-pass-through=-lc] ==> ignore
    arg [-plugin-opt=-pass-through=-lgcc_s] ==> ignore
    arg [-plugin-opt=-pass-through=-lgcc] ==> ignore
    arg [--eh-frame-hdr] ==> ignore
    arg [-m] ==> ignore
    arg [elf_x86_64] ==> ignore
    arg [-export-dynamic] ==> ignore
    arg [-dynamic-linker] ==> ignore
    arg [/lib64/ld-linux-x86-64.so.2] ==> ignore
    arg [-o] ==> ignore
    arg [cmTC_589b1] ==> ignore
    arg [/usr/lib/x86_64-linux-gnu/crt1.o] ==> ignore
    arg [/usr/lib/x86_64-linux-gnu/crti.o] ==> ignore
    arg [/usr/local/lib/gcc/x86_64-pc-linux-gnu/8.2.0/crtbegin.o] ==> ignore
    arg [-L/usr/local/lib/gcc/x86_64-pc-linux-gnu/8.2.0] ==> dir [/usr/local/lib/gcc/x86_64-pc-linux-gnu/8.2.0]
    arg [-L/usr/local/lib/gcc/x86_64-pc-linux-gnu/8.2.0/../../../../lib64] ==> dir [/usr/local/lib/gcc/x86_64-pc-linux-gnu/8.2.0/../../../../lib64]
    arg [-L/lib/x86_64-linux-gnu] ==> dir [/lib/x86_64-linux-gnu]
    arg [-L/lib/../lib64] ==> dir [/lib/../lib64]
    arg [-L/usr/lib/x86_64-linux-gnu] ==> dir [/usr/lib/x86_64-linux-gnu]
    arg [-L/usr/local/lib/gcc/x86_64-pc-linux-gnu/8.2.0/../../..] ==> dir [/usr/local/lib/gcc/x86_64-pc-linux-gnu/8.2.0/../../..]
    arg [CMakeFiles/cmTC_589b1.dir/CMakeCXXCompilerABI.cpp.o] ==> ignore
    arg [-lstdc++] ==> lib [stdc++]
    arg [-lm] ==> lib [m]
    arg [-lgcc_s] ==> lib [gcc_s]
    arg [-lgcc] ==> lib [gcc]
    arg [-lc] ==> lib [c]
    arg [-lgcc_s] ==> lib [gcc_s]
    arg [-lgcc] ==> lib [gcc]
    arg [/usr/local/lib/gcc/x86_64-pc-linux-gnu/8.2.0/crtend.o] ==> ignore
    arg [/usr/lib/x86_64-linux-gnu/crtn.o] ==> ignore
  remove lib [gcc_s]
  remove lib [gcc]
  remove lib [gcc_s]
  remove lib [gcc]
  collapse library dir [/usr/local/lib/gcc/x86_64-pc-linux-gnu/8.2.0] ==> [/usr/local/lib/gcc/x86_64-pc-linux-gnu/8.2.0]
  collapse library dir [/usr/local/lib/gcc/x86_64-pc-linux-gnu/8.2.0/../../../../lib64] ==> [/usr/local/lib64]
  collapse library dir [/lib/x86_64-linux-gnu] ==> [/lib/x86_64-linux-gnu]
  collapse library dir [/lib/../lib64] ==> [/lib64]
  collapse library dir [/usr/lib/x86_64-linux-gnu] ==> [/usr/lib/x86_64-linux-gnu]
  collapse library dir [/usr/local/lib/gcc/x86_64-pc-linux-gnu/8.2.0/../../..] ==> [/usr/local/lib]
  implicit libs: [stdc++;m;c]
  implicit dirs: [/usr/local/lib/gcc/x86_64-pc-linux-gnu/8.2.0;/usr/local/lib64;/lib/x86_64-linux-gnu;/lib64;/usr/lib/x86_64-linux-gnu;/usr/local/lib]
  implicit fwks: []




Detecting CXX [-std=c++14] compiler features compiled with the following output:
Change Dir: /home/juiwenyeh/Lazi_tech/MakeNTU_2019_G27/OpenCV/build/CMakeFiles/CMakeTmp

Run Build Command:"/usr/bin/make" "cmTC_fb609/fast"
/usr/bin/make -f CMakeFiles/cmTC_fb609.dir/build.make CMakeFiles/cmTC_fb609.dir/build
make[1]: Entering directory '/home/juiwenyeh/Lazi_tech/MakeNTU_2019_G27/OpenCV/build/CMakeFiles/CMakeTmp'
Building CXX object CMakeFiles/cmTC_fb609.dir/feature_tests.cxx.o
/usr/local/bin/c++     -fPIE   -std=c++14 -o CMakeFiles/cmTC_fb609.dir/feature_tests.cxx.o -c /home/juiwenyeh/Lazi_tech/MakeNTU_2019_G27/OpenCV/build/CMakeFiles/feature_tests.cxx
Linking CXX executable cmTC_fb609
/usr/bin/cmake -E cmake_link_script CMakeFiles/cmTC_fb609.dir/link.txt --verbose=1
/usr/local/bin/c++        CMakeFiles/cmTC_fb609.dir/feature_tests.cxx.o  -o cmTC_fb609 -rdynamic 
make[1]: Leaving directory '/home/juiwenyeh/Lazi_tech/MakeNTU_2019_G27/OpenCV/build/CMakeFiles/CMakeTmp'


    Feature record: CXX_FEATURE:1cxx_aggregate_default_initializers
    Feature record: CXX_FEATURE:1cxx_alias_templates
    Feature record: CXX_FEATURE:1cxx_alignas
    Feature record: CXX_FEATURE:1cxx_alignof
    Feature record: CXX_FEATURE:1cxx_attributes
    Feature record: CXX_FEATURE:1cxx_attribute_deprecated
    Feature record: CXX_FEATURE:1cxx_auto_type
    Feature record: CXX_FEATURE:1cxx_binary_literals
    Feature record: CXX_FEATURE:1cxx_constexpr
    Feature record: CXX_FEATURE:1cxx_contextual_conversions
    Feature record: CXX_FEATURE:1cxx_decltype
    Feature record: CXX_FEATURE:1cxx_decltype_auto
    Feature record: CXX_FEATURE:1cxx_decltype_incomplete_return_types
    Feature record: CXX_FEATURE:1cxx_default_function_template_args
    Feature record: CXX_FEATURE:1cxx_defaulted_functions
    Feature record: CXX_FEATURE:1cxx_defaulted_move_initializers
    Feature record: CXX_FEATURE:1cxx_delegating_constructors
    Feature record: CXX_FEATURE:1cxx_deleted_functions
    Feature record: CXX_FEATURE:1cxx_digit_separators
    Feature record: CXX_FEATURE:1cxx_enum_forward_declarations
    Feature record: CXX_FEATURE:1cxx_explicit_conversions
    Feature record: CXX_FEATURE:1cxx_extended_friend_declarations
    Feature record: CXX_FEATURE:1cxx_extern_templates
    Feature record: CXX_FEATURE:1cxx_final
    Feature record: CXX_FEATURE:1cxx_func_identifier
    Feature record: CXX_FEATURE:1cxx_generalized_initializers
    Feature record: CXX_FEATURE:1cxx_generic_lambdas
    Feature record: CXX_FEATURE:1cxx_inheriting_constructors
    Feature record: CXX_FEATURE:1cxx_inline_namespaces
    Feature record: CXX_FEATURE:1cxx_lambdas
    Feature record: CXX_FEATURE:1cxx_lambda_init_captures
    Feature record: CXX_FEATURE:1cxx_local_type_template_args
    Feature record: CXX_FEATURE:1cxx_long_long_type
    Feature record: CXX_FEATURE:1cxx_noexcept
    Feature record: CXX_FEATURE:1cxx_nonstatic_member_init
    Feature record: CXX_FEATURE:1cxx_nullptr
    Feature record: CXX_FEATURE:1cxx_override
    Feature record: CXX_FEATURE:1cxx_range_for
    Feature record: CXX_FEATURE:1cxx_raw_string_literals
    Feature record: CXX_FEATURE:1cxx_reference_qualified_functions
    Feature record: CXX_FEATURE:1cxx_relaxed_constexpr
    Feature record: CXX_FEATURE:1cxx_return_type_deduction
    Feature record: CXX_FEATURE:1cxx_right_angle_brackets
    Feature record: CXX_FEATURE:1cxx_rvalue_references
    Feature record: CXX_FEATURE:1cxx_sizeof_member
    Feature record: CXX_FEATURE:1cxx_static_assert
    Feature record: CXX_FEATURE:1cxx_strong_enums
    Feature record: CXX_FEATURE:1cxx_template_template_parameters
    Feature record: CXX_FEATURE:1cxx_thread_local
    Feature record: CXX_FEATURE:1cxx_trailing_return_types
    Feature record: CXX_FEATURE:1cxx_unicode_literals
    Feature record: CXX_FEATURE:1cxx_uniform_initialization
    Feature record: CXX_FEATURE:1cxx_unrestricted_unions
    Feature record: CXX_FEATURE:1cxx_user_literals
    Feature record: CXX_FEATURE:1cxx_variable_templates
    Feature record: CXX_FEATURE:1cxx_variadic_macros
    Feature record: CXX_FEATURE:1cxx_variadic_templates


Detecting CXX [-std=c++11] compiler features compiled with the following output:
Change Dir: /home/juiwenyeh/Lazi_tech/MakeNTU_2019_G27/OpenCV/build/CMakeFiles/CMakeTmp

Run Build Command:"/usr/bin/make" "cmTC_c6156/fast"
/usr/bin/make -f CMakeFiles/cmTC_c6156.dir/build.make CMakeFiles/cmTC_c6156.dir/build
make[1]: Entering directory '/home/juiwenyeh/Lazi_tech/MakeNTU_2019_G27/OpenCV/build/CMakeFiles/CMakeTmp'
Building CXX object CMakeFiles/cmTC_c6156.dir/feature_tests.cxx.o
/usr/local/bin/c++     -fPIE   -std=c++11 -o CMakeFiles/cmTC_c6156.dir/feature_tests.cxx.o -c /home/juiwenyeh/Lazi_tech/MakeNTU_2019_G27/OpenCV/build/CMakeFiles/feature_tests.cxx
Linking CXX executable cmTC_c6156
/usr/bin/cmake -E cmake_link_script CMakeFiles/cmTC_c6156.dir/link.txt --verbose=1
/usr/local/bin/c++        CMakeFiles/cmTC_c6156.dir/feature_tests.cxx.o  -o cmTC_c6156 -rdynamic 
make[1]: Leaving directory '/home/juiwenyeh/Lazi_tech/MakeNTU_2019_G27/OpenCV/build/CMakeFiles/CMakeTmp'


    Feature record: CXX_FEATURE:0cxx_aggregate_default_initializers
    Feature record: CXX_FEATURE:1cxx_alias_templates
    Feature record: CXX_FEATURE:1cxx_alignas
    Feature record: CXX_FEATURE:1cxx_alignof
    Feature record: CXX_FEATURE:1cxx_attributes
    Feature record: CXX_FEATURE:0cxx_attribute_deprecated
    Feature record: CXX_FEATURE:1cxx_auto_type
    Feature record: CXX_FEATURE:0cxx_binary_literals
    Feature record: CXX_FEATURE:1cxx_constexpr
    Feature record: CXX_FEATURE:0cxx_contextual_conversions
    Feature record: CXX_FEATURE:1cxx_decltype
    Feature record: CXX_FEATURE:0cxx_decltype_auto
    Feature record: CXX_FEATURE:1cxx_decltype_incomplete_return_types
    Feature record: CXX_FEATURE:1cxx_default_function_template_args
    Feature record: CXX_FEATURE:1cxx_defaulted_functions
    Feature record: CXX_FEATURE:1cxx_defaulted_move_initializers
    Feature record: CXX_FEATURE:1cxx_delegating_constructors
    Feature record: CXX_FEATURE:1cxx_deleted_functions
    Feature record: CXX_FEATURE:0cxx_digit_separators
    Feature record: CXX_FEATURE:1cxx_enum_forward_declarations
    Feature record: CXX_FEATURE:1cxx_explicit_conversions
    Feature record: CXX_FEATURE:1cxx_extended_friend_declarations
    Feature record: CXX_FEATURE:1cxx_extern_templates
    Feature record: CXX_FEATURE:1cxx_final
    Feature record: CXX_FEATURE:1cxx_func_identifier
    Feature record: CXX_FEATURE:1cxx_generalized_initializers
    Feature record: CXX_FEATURE:0cxx_generic_lambdas
    Feature record: CXX_FEATURE:1cxx_inheriting_constructors
    Feature record: CXX_FEATURE:1cxx_inline_namespaces
    Feature record: CXX_FEATURE:1cxx_lambdas
    Feature record: CXX_FEATURE:0cxx_lambda_init_captures
    Feature record: CXX_FEATURE:1cxx_local_type_template_args
    Feature record: CXX_FEATURE:1cxx_long_long_type
    Feature record: CXX_FEATURE:1cxx_noexcept
    Feature record: CXX_FEATURE:1cxx_nonstatic_member_init
    Feature record: CXX_FEATURE:1cxx_nullptr
    Feature record: CXX_FEATURE:1cxx_override
    Feature record: CXX_FEATURE:1cxx_range_for
    Feature record: CXX_FEATURE:1cxx_raw_string_literals
    Feature record: CXX_FEATURE:1cxx_reference_qualified_functions
    Feature record: CXX_FEATURE:0cxx_relaxed_constexpr
    Feature record: CXX_FEATURE:0cxx_return_type_deduction
    Feature record: CXX_FEATURE:1cxx_right_angle_brackets
    Feature record: CXX_FEATURE:1cxx_rvalue_references
    Feature record: CXX_FEATURE:1cxx_sizeof_member
    Feature record: CXX_FEATURE:1cxx_static_assert
    Feature record: CXX_FEATURE:1cxx_strong_enums
    Feature record: CXX_FEATURE:1cxx_template_template_parameters
    Feature record: CXX_FEATURE:1cxx_thread_local
    Feature record: CXX_FEATURE:1cxx_trailing_return_types
    Feature record: CXX_FEATURE:1cxx_unicode_literals
    Feature record: CXX_FEATURE:1cxx_uniform_initialization
    Feature record: CXX_FEATURE:1cxx_unrestricted_unions
    Feature record: CXX_FEATURE:1cxx_user_literals
    Feature record: CXX_FEATURE:0cxx_variable_templates
    Feature record: CXX_FEATURE:1cxx_variadic_macros
    Feature record: CXX_FEATURE:1cxx_variadic_templates


Detecting CXX [-std=c++98] compiler features compiled with the following output:
Change Dir: /home/juiwenyeh/Lazi_tech/MakeNTU_2019_G27/OpenCV/build/CMakeFiles/CMakeTmp

Run Build Command:"/usr/bin/make" "cmTC_4aa4b/fast"
/usr/bin/make -f CMakeFiles/cmTC_4aa4b.dir/build.make CMakeFiles/cmTC_4aa4b.dir/build
make[1]: Entering directory '/home/juiwenyeh/Lazi_tech/MakeNTU_2019_G27/OpenCV/build/CMakeFiles/CMakeTmp'
Building CXX object CMakeFiles/cmTC_4aa4b.dir/feature_tests.cxx.o
/usr/local/bin/c++     -fPIE   -std=c++98 -o CMakeFiles/cmTC_4aa4b.dir/feature_tests.cxx.o -c /home/juiwenyeh/Lazi_tech/MakeNTU_2019_G27/OpenCV/build/CMakeFiles/feature_tests.cxx
Linking CXX executable cmTC_4aa4b
/usr/bin/cmake -E cmake_link_script CMakeFiles/cmTC_4aa4b.dir/link.txt --verbose=1
/usr/local/bin/c++        CMakeFiles/cmTC_4aa4b.dir/feature_tests.cxx.o  -o cmTC_4aa4b -rdynamic 
make[1]: Leaving directory '/home/juiwenyeh/Lazi_tech/MakeNTU_2019_G27/OpenCV/build/CMakeFiles/CMakeTmp'


    Feature record: CXX_FEATURE:0cxx_aggregate_default_initializers
    Feature record: CXX_FEATURE:0cxx_alias_templates
    Feature record: CXX_FEATURE:0cxx_alignas
    Feature record: CXX_FEATURE:0cxx_alignof
    Feature record: CXX_FEATURE:0cxx_attributes
    Feature record: CXX_FEATURE:0cxx_attribute_deprecated
    Feature record: CXX_FEATURE:0cxx_auto_type
    Feature record: CXX_FEATURE:0cxx_binary_literals
    Feature record: CXX_FEATURE:0cxx_constexpr
    Feature record: CXX_FEATURE:0cxx_contextual_conversions
    Feature record: CXX_FEATURE:0cxx_decltype
    Feature record: CXX_FEATURE:0cxx_decltype_auto
    Feature record: CXX_FEATURE:0cxx_decltype_incomplete_return_types
    Feature record: CXX_FEATURE:0cxx_default_function_template_args
    Feature record: CXX_FEATURE:0cxx_defaulted_functions
    Feature record: CXX_FEATURE:0cxx_defaulted_move_initializers
    Feature record: CXX_FEATURE:0cxx_delegating_constructors
    Feature record: CXX_FEATURE:0cxx_deleted_functions
    Feature record: CXX_FEATURE:0cxx_digit_separators
    Feature record: CXX_FEATURE:0cxx_enum_forward_declarations
    Feature record: CXX_FEATURE:0cxx_explicit_conversions
    Feature record: CXX_FEATURE:0cxx_extended_friend_declarations
    Feature record: CXX_FEATURE:0cxx_extern_templates
    Feature record: CXX_FEATURE:0cxx_final
    Feature record: CXX_FEATURE:0cxx_func_identifier
    Feature record: CXX_FEATURE:0cxx_generalized_initializers
    Feature record: CXX_FEATURE:0cxx_generic_lambdas
    Feature record: CXX_FEATURE:0cxx_inheriting_constructors
    Feature record: CXX_FEATURE:0cxx_inline_namespaces
    Feature record: CXX_FEATURE:0cxx_lambdas
    Feature record: CXX_FEATURE:0cxx_lambda_init_captures
    Feature record: CXX_FEATURE:0cxx_local_type_template_args
    Feature record: CXX_FEATURE:0cxx_long_long_type
    Feature record: CXX_FEATURE:0cxx_noexcept
    Feature record: CXX_FEATURE:0cxx_nonstatic_member_init
    Feature record: CXX_FEATURE:0cxx_nullptr
    Feature record: CXX_FEATURE:0cxx_override
    Feature record: CXX_FEATURE:0cxx_range_for
    Feature record: CXX_FEATURE:0cxx_raw_string_literals
    Feature record: CXX_FEATURE:0cxx_reference_qualified_functions
    Feature record: CXX_FEATURE:0cxx_relaxed_constexpr
    Feature record: CXX_FEATURE:0cxx_return_type_deduction
    Feature record: CXX_FEATURE:0cxx_right_angle_brackets
    Feature record: CXX_FEATURE:0cxx_rvalue_references
    Feature record: CXX_FEATURE:0cxx_sizeof_member
    Feature record: CXX_FEATURE:0cxx_static_assert
    Feature record: CXX_FEATURE:0cxx_strong_enums
    Feature record: CXX_FEATURE:1cxx_template_template_parameters
    Feature record: CXX_FEATURE:0cxx_thread_local
    Feature record: CXX_FEATURE:0cxx_trailing_return_types
    Feature record: CXX_FEATURE:0cxx_unicode_literals
    Feature record: CXX_FEATURE:0cxx_uniform_initialization
    Feature record: CXX_FEATURE:0cxx_unrestricted_unions
    Feature record: CXX_FEATURE:0cxx_user_literals
    Feature record: CXX_FEATURE:0cxx_variable_templates
    Feature record: CXX_FEATURE:0cxx_variadic_macros
    Feature record: CXX_FEATURE:0cxx_variadic_templates
Determining if the C compiler works passed with the following output:
Change Dir: /home/juiwenyeh/Lazi_tech/MakeNTU_2019_G27/OpenCV/build/CMakeFiles/CMakeTmp

Run Build Command:"/usr/bin/make" "cmTC_c4d47/fast"
/usr/bin/make -f CMakeFiles/cmTC_c4d47.dir/build.make CMakeFiles/cmTC_c4d47.dir/build
make[1]: Entering directory '/home/juiwenyeh/Lazi_tech/MakeNTU_2019_G27/OpenCV/build/CMakeFiles/CMakeTmp'
Building C object CMakeFiles/cmTC_c4d47.dir/testCCompiler.c.o
/usr/local/bin/gcc    -fPIE   -o CMakeFiles/cmTC_c4d47.dir/testCCompiler.c.o   -c /home/juiwenyeh/Lazi_tech/MakeNTU_2019_G27/OpenCV/build/CMakeFiles/CMakeTmp/testCCompiler.c
Linking C executable cmTC_c4d47
/usr/bin/cmake -E cmake_link_script CMakeFiles/cmTC_c4d47.dir/link.txt --verbose=1
/usr/local/bin/gcc       CMakeFiles/cmTC_c4d47.dir/testCCompiler.c.o  -o cmTC_c4d47 -rdynamic 
make[1]: Leaving directory '/home/juiwenyeh/Lazi_tech/MakeNTU_2019_G27/OpenCV/build/CMakeFiles/CMakeTmp'


Detecting C compiler ABI info compiled with the following output:
Change Dir: /home/juiwenyeh/Lazi_tech/MakeNTU_2019_G27/OpenCV/build/CMakeFiles/CMakeTmp

Run Build Command:"/usr/bin/make" "cmTC_07ee8/fast"
/usr/bin/make -f CMakeFiles/cmTC_07ee8.dir/build.make CMakeFiles/cmTC_07ee8.dir/build
make[1]: Entering directory '/home/juiwenyeh/Lazi_tech/MakeNTU_2019_G27/OpenCV/build/CMakeFiles/CMakeTmp'
Building C object CMakeFiles/cmTC_07ee8.dir/CMakeCCompilerABI.c.o
/usr/local/bin/gcc    -fPIE   -o CMakeFiles/cmTC_07ee8.dir/CMakeCCompilerABI.c.o   -c /usr/share/cmake-3.7/Modules/CMakeCCompilerABI.c
Linking C executable cmTC_07ee8
/usr/bin/cmake -E cmake_link_script CMakeFiles/cmTC_07ee8.dir/link.txt --verbose=1
/usr/local/bin/gcc      -v CMakeFiles/cmTC_07ee8.dir/CMakeCCompilerABI.c.o  -o cmTC_07ee8 -rdynamic  
使用內建 specs。
COLLECT_GCC=/usr/local/bin/gcc
COLLECT_LTO_WRAPPER=/usr/local/libexec/gcc/x86_64-pc-linux-gnu/8.2.0/lto-wrapper
目的：x86_64-pc-linux-gnu
配置為：./configure
執行緒模型：posix
gcc version 8.2.0 (GCC) 
COMPILER_PATH=/usr/local/libexec/gcc/x86_64-pc-linux-gnu/8.2.0/:/usr/local/libexec/gcc/x86_64-pc-linux-gnu/8.2.0/:/usr/local/libexec/gcc/x86_64-pc-linux-gnu/:/usr/local/lib/gcc/x86_64-pc-linux-gnu/8.2.0/:/usr/local/lib/gcc/x86_64-pc-linux-gnu/
LIBRARY_PATH=/usr/local/lib/gcc/x86_64-pc-linux-gnu/8.2.0/:/usr/local/lib/gcc/x86_64-pc-linux-gnu/8.2.0/../../../../lib64/:/lib/x86_64-linux-gnu/:/lib/../lib64/:/usr/lib/x86_64-linux-gnu/:/usr/local/lib/gcc/x86_64-pc-linux-gnu/8.2.0/../../../:/lib/:/usr/lib/
COLLECT_GCC_OPTIONS='-v' '-o' 'cmTC_07ee8' '-rdynamic' '-mtune=generic' '-march=x86-64'
 /usr/local/libexec/gcc/x86_64-pc-linux-gnu/8.2.0/collect2 -plugin /usr/local/libexec/gcc/x86_64-pc-linux-gnu/8.2.0/liblto_plugin.so -plugin-opt=/usr/local/libexec/gcc/x86_64-pc-linux-gnu/8.2.0/lto-wrapper -plugin-opt=-fresolution=/tmp/ccmscUjm.res -plugin-opt=-pass-through=-lgcc -plugin-opt=-pass-through=-lgcc_s -plugin-opt=-pass-through=-lc -plugin-opt=-pass-through=-lgcc -plugin-opt=-pass-through=-lgcc_s --eh-frame-hdr -m elf_x86_64 -export-dynamic -dynamic-linker /lib64/ld-linux-x86-64.so.2 -o cmTC_07ee8 /usr/lib/x86_64-linux-gnu/crt1.o /usr/lib/x86_64-linux-gnu/crti.o /usr/local/lib/gcc/x86_64-pc-linux-gnu/8.2.0/crtbegin.o -L/usr/local/lib/gcc/x86_64-pc-linux-gnu/8.2.0 -L/usr/local/lib/gcc/x86_64-pc-linux-gnu/8.2.0/../../../../lib64 -L/lib/x86_64-linux-gnu -L/lib/../lib64 -L/usr/lib/x86_64-linux-gnu -L/usr/local/lib/gcc/x86_64-pc-linux-gnu/8.2.0/../../.. CMakeFiles/cmTC_07ee8.dir/CMakeCCompilerABI.c.o -lgcc --as-needed -lgcc_s --no-as-needed -lc -lgcc --as-needed -lgcc_s --no-as-needed /usr/local/lib/gcc/x86_64-pc-linux-gnu/8.2.0/crtend.o /usr/lib/x86_64-linux-gnu/crtn.o
COLLECT_GCC_OPTIONS='-v' '-o' 'cmTC_07ee8' '-rdynamic' '-mtune=generic' '-march=x86-64'
make[1]: Leaving directory '/home/juiwenyeh/Lazi_tech/MakeNTU_2019_G27/OpenCV/build/CMakeFiles/CMakeTmp'


Parsed C implicit link information from above output:
  link line regex: [^( *|.*[/\])(ld|([^/\]+-)?ld|collect2)[^/\]*( |$)]
  ignore line: [Change Dir: /home/juiwenyeh/Lazi_tech/MakeNTU_2019_G27/OpenCV/build/CMakeFiles/CMakeTmp]
  ignore line: []
  ignore line: [Run Build Command:"/usr/bin/make" "cmTC_07ee8/fast"]
  ignore line: [/usr/bin/make -f CMakeFiles/cmTC_07ee8.dir/build.make CMakeFiles/cmTC_07ee8.dir/build]
  ignore line: [make[1]: Entering directory '/home/juiwenyeh/Lazi_tech/MakeNTU_2019_G27/OpenCV/build/CMakeFiles/CMakeTmp']
  ignore line: [Building C object CMakeFiles/cmTC_07ee8.dir/CMakeCCompilerABI.c.o]
  ignore line: [/usr/local/bin/gcc    -fPIE   -o CMakeFiles/cmTC_07ee8.dir/CMakeCCompilerABI.c.o   -c /usr/share/cmake-3.7/Modules/CMakeCCompilerABI.c]
  ignore line: [Linking C executable cmTC_07ee8]
  ignore line: [/usr/bin/cmake -E cmake_link_script CMakeFiles/cmTC_07ee8.dir/link.txt --verbose=1]
  ignore line: [/usr/local/bin/gcc      -v CMakeFiles/cmTC_07ee8.dir/CMakeCCompilerABI.c.o  -o cmTC_07ee8 -rdynamic  ]
  ignore line: [使用內建 specs。]
  ignore line: [COLLECT_GCC=/usr/local/bin/gcc]
  ignore line: [COLLECT_LTO_WRAPPER=/usr/local/libexec/gcc/x86_64-pc-linux-gnu/8.2.0/lto-wrapper]
  ignore line: [目的：x86_64-pc-linux-gnu]
  ignore line: [配置為：./configure]
  ignore line: [執行緒模型：posix]
  ignore line: [gcc version 8.2.0 (GCC) ]
  ignore line: [COMPILER_PATH=/usr/local/libexec/gcc/x86_64-pc-linux-gnu/8.2.0/:/usr/local/libexec/gcc/x86_64-pc-linux-gnu/8.2.0/:/usr/local/libexec/gcc/x86_64-pc-linux-gnu/:/usr/local/lib/gcc/x86_64-pc-linux-gnu/8.2.0/:/usr/local/lib/gcc/x86_64-pc-linux-gnu/]
  ignore line: [LIBRARY_PATH=/usr/local/lib/gcc/x86_64-pc-linux-gnu/8.2.0/:/usr/local/lib/gcc/x86_64-pc-linux-gnu/8.2.0/../../../../lib64/:/lib/x86_64-linux-gnu/:/lib/../lib64/:/usr/lib/x86_64-linux-gnu/:/usr/local/lib/gcc/x86_64-pc-linux-gnu/8.2.0/../../../:/lib/:/usr/lib/]
  ignore line: [COLLECT_GCC_OPTIONS='-v' '-o' 'cmTC_07ee8' '-rdynamic' '-mtune=generic' '-march=x86-64']
  link line: [ /usr/local/libexec/gcc/x86_64-pc-linux-gnu/8.2.0/collect2 -plugin /usr/local/libexec/gcc/x86_64-pc-linux-gnu/8.2.0/liblto_plugin.so -plugin-opt=/usr/local/libexec/gcc/x86_64-pc-linux-gnu/8.2.0/lto-wrapper -plugin-opt=-fresolution=/tmp/ccmscUjm.res -plugin-opt=-pass-through=-lgcc -plugin-opt=-pass-through=-lgcc_s -plugin-opt=-pass-through=-lc -plugin-opt=-pass-through=-lgcc -plugin-opt=-pass-through=-lgcc_s --eh-frame-hdr -m elf_x86_64 -export-dynamic -dynamic-linker /lib64/ld-linux-x86-64.so.2 -o cmTC_07ee8 /usr/lib/x86_64-linux-gnu/crt1.o /usr/lib/x86_64-linux-gnu/crti.o /usr/local/lib/gcc/x86_64-pc-linux-gnu/8.2.0/crtbegin.o -L/usr/local/lib/gcc/x86_64-pc-linux-gnu/8.2.0 -L/usr/local/lib/gcc/x86_64-pc-linux-gnu/8.2.0/../../../../lib64 -L/lib/x86_64-linux-gnu -L/lib/../lib64 -L/usr/lib/x86_64-linux-gnu -L/usr/local/lib/gcc/x86_64-pc-linux-gnu/8.2.0/../../.. CMakeFiles/cmTC_07ee8.dir/CMakeCCompilerABI.c.o -lgcc --as-needed -lgcc_s --no-as-needed -lc -lgcc --as-needed -lgcc_s --no-as-needed /usr/local/lib/gcc/x86_64-pc-linux-gnu/8.2.0/crtend.o /usr/lib/x86_64-linux-gnu/crtn.o]
    arg [/usr/local/libexec/gcc/x86_64-pc-linux-gnu/8.2.0/collect2] ==> ignore
    arg [-plugin] ==> ignore
    arg [/usr/local/libexec/gcc/x86_64-pc-linux-gnu/8.2.0/liblto_plugin.so] ==> ignore
    arg [-plugin-opt=/usr/local/libexec/gcc/x86_64-pc-linux-gnu/8.2.0/lto-wrapper] ==> ignore
    arg [-plugin-opt=-fresolution=/tmp/ccmscUjm.res] ==> ignore
    arg [-plugin-opt=-pass-through=-lgcc] ==> ignore
    arg [-plugin-opt=-pass-through=-lgcc_s] ==> ignore
    arg [-plugin-opt=-pass-through=-lc] ==> ignore
    arg [-plugin-opt=-pass-through=-lgcc] ==> ignore
    arg [-plugin-opt=-pass-through=-lgcc_s] ==> ignore
    arg [--eh-frame-hdr] ==> ignore
    arg [-m] ==> ignore
    arg [elf_x86_64] ==> ignore
    arg [-export-dynamic] ==> ignore
    arg [-dynamic-linker] ==> ignore
    arg [/lib64/ld-linux-x86-64.so.2] ==> ignore
    arg [-o] ==> ignore
    arg [cmTC_07ee8] ==> ignore
    arg [/usr/lib/x86_64-linux-gnu/crt1.o] ==> ignore
    arg [/usr/lib/x86_64-linux-gnu/crti.o] ==> ignore
    arg [/usr/local/lib/gcc/x86_64-pc-linux-gnu/8.2.0/crtbegin.o] ==> ignore
    arg [-L/usr/local/lib/gcc/x86_64-pc-linux-gnu/8.2.0] ==> dir [/usr/local/lib/gcc/x86_64-pc-linux-gnu/8.2.0]
    arg [-L/usr/local/lib/gcc/x86_64-pc-linux-gnu/8.2.0/../../../../lib64] ==> dir [/usr/local/lib/gcc/x86_64-pc-linux-gnu/8.2.0/../../../../lib64]
    arg [-L/lib/x86_64-linux-gnu] ==> dir [/lib/x86_64-linux-gnu]
    arg [-L/lib/../lib64] ==> dir [/lib/../lib64]
    arg [-L/usr/lib/x86_64-linux-gnu] ==> dir [/usr/lib/x86_64-linux-gnu]
    arg [-L/usr/local/lib/gcc/x86_64-pc-linux-gnu/8.2.0/../../..] ==> dir [/usr/local/lib/gcc/x86_64-pc-linux-gnu/8.2.0/../../..]
    arg [CMakeFiles/cmTC_07ee8.dir/CMakeCCompilerABI.c.o] ==> ignore
    arg [-lgcc] ==> lib [gcc]
    arg [--as-needed] ==> ignore
    arg [-lgcc_s] ==> lib [gcc_s]
    arg [--no-as-needed] ==> ignore
    arg [-lc] ==> lib [c]
    arg [-lgcc] ==> lib [gcc]
    arg [--as-needed] ==> ignore
    arg [-lgcc_s] ==> lib [gcc_s]
    arg [--no-as-needed] ==> ignore
    arg [/usr/local/lib/gcc/x86_64-pc-linux-gnu/8.2.0/crtend.o] ==> ignore
    arg [/usr/lib/x86_64-linux-gnu/crtn.o] ==> ignore
  remove lib [gcc]
  remove lib [gcc_s]
  remove lib [gcc]
  remove lib [gcc_s]
  collapse library dir [/usr/local/lib/gcc/x86_64-pc-linux-gnu/8.2.0] ==> [/usr/local/lib/gcc/x86_64-pc-linux-gnu/8.2.0]
  collapse library dir [/usr/local/lib/gcc/x86_64-pc-linux-gnu/8.2.0/../../../../lib64] ==> [/usr/local/lib64]
  collapse library dir [/lib/x86_64-linux-gnu] ==> [/lib/x86_64-linux-gnu]
  collapse library dir [/lib/../lib64] ==> [/lib64]
  collapse library dir [/usr/lib/x86_64-linux-gnu] ==> [/usr/lib/x86_64-linux-gnu]
  collapse library dir [/usr/local/lib/gcc/x86_64-pc-linux-gnu/8.2.0/../../..] ==> [/usr/local/lib]
  implicit libs: [c]
  implicit dirs: [/usr/local/lib/gcc/x86_64-pc-linux-gnu/8.2.0;/usr/local/lib64;/lib/x86_64-linux-gnu;/lib64;/usr/lib/x86_64-linux-gnu;/usr/local/lib]
  implicit fwks: []




Detecting C [-std=c11] compiler features compiled with the following output:
Change Dir: /home/juiwenyeh/Lazi_tech/MakeNTU_2019_G27/OpenCV/build/CMakeFiles/CMakeTmp

Run Build Command:"/usr/bin/make" "cmTC_a140b/fast"
/usr/bin/make -f CMakeFiles/cmTC_a140b.dir/build.make CMakeFiles/cmTC_a140b.dir/build
make[1]: Entering directory '/home/juiwenyeh/Lazi_tech/MakeNTU_2019_G27/OpenCV/build/CMakeFiles/CMakeTmp'
Building C object CMakeFiles/cmTC_a140b.dir/feature_tests.c.o
/usr/local/bin/gcc    -fPIE   -std=c11 -o CMakeFiles/cmTC_a140b.dir/feature_tests.c.o   -c /home/juiwenyeh/Lazi_tech/MakeNTU_2019_G27/OpenCV/build/CMakeFiles/feature_tests.c
Linking C executable cmTC_a140b
/usr/bin/cmake -E cmake_link_script CMakeFiles/cmTC_a140b.dir/link.txt --verbose=1
/usr/local/bin/gcc       CMakeFiles/cmTC_a140b.dir/feature_tests.c.o  -o cmTC_a140b -rdynamic 
make[1]: Leaving directory '/home/juiwenyeh/Lazi_tech/MakeNTU_2019_G27/OpenCV/build/CMakeFiles/CMakeTmp'


    Feature record: C_FEATURE:1c_function_prototypes
    Feature record: C_FEATURE:1c_restrict
    Feature record: C_FEATURE:1c_static_assert
    Feature record: C_FEATURE:1c_variadic_macros


Detecting C [-std=c99] compiler features compiled with the following output:
Change Dir: /home/juiwenyeh/Lazi_tech/MakeNTU_2019_G27/OpenCV/build/CMakeFiles/CMakeTmp

Run Build Command:"/usr/bin/make" "cmTC_8da7d/fast"
/usr/bin/make -f CMakeFiles/cmTC_8da7d.dir/build.make CMakeFiles/cmTC_8da7d.dir/build
make[1]: Entering directory '/home/juiwenyeh/Lazi_tech/MakeNTU_2019_G27/OpenCV/build/CMakeFiles/CMakeTmp'
Building C object CMakeFiles/cmTC_8da7d.dir/feature_tests.c.o
/usr/local/bin/gcc    -fPIE   -std=c99 -o CMakeFiles/cmTC_8da7d.dir/feature_tests.c.o   -c /home/juiwenyeh/Lazi_tech/MakeNTU_2019_G27/OpenCV/build/CMakeFiles/feature_tests.c
Linking C executable cmTC_8da7d
/usr/bin/cmake -E cmake_link_script CMakeFiles/cmTC_8da7d.dir/link.txt --verbose=1
/usr/local/bin/gcc       CMakeFiles/cmTC_8da7d.dir/feature_tests.c.o  -o cmTC_8da7d -rdynamic 
make[1]: Leaving directory '/home/juiwenyeh/Lazi_tech/MakeNTU_2019_G27/OpenCV/build/CMakeFiles/CMakeTmp'


    Feature record: C_FEATURE:1c_function_prototypes
    Feature record: C_FEATURE:1c_restrict
    Feature record: C_FEATURE:0c_static_assert
    Feature record: C_FEATURE:1c_variadic_macros


Detecting C [-std=c90] compiler features compiled with the following output:
Change Dir: /home/juiwenyeh/Lazi_tech/MakeNTU_2019_G27/OpenCV/build/CMakeFiles/CMakeTmp

Run Build Command:"/usr/bin/make" "cmTC_621b7/fast"
/usr/bin/make -f CMakeFiles/cmTC_621b7.dir/build.make CMakeFiles/cmTC_621b7.dir/build
make[1]: Entering directory '/home/juiwenyeh/Lazi_tech/MakeNTU_2019_G27/OpenCV/build/CMakeFiles/CMakeTmp'
Building C object CMakeFiles/cmTC_621b7.dir/feature_tests.c.o
/usr/local/bin/gcc    -fPIE   -std=c90 -o CMakeFiles/cmTC_621b7.dir/feature_tests.c.o   -c /home/juiwenyeh/Lazi_tech/MakeNTU_2019_G27/OpenCV/build/CMakeFiles/feature_tests.c
Linking C executable cmTC_621b7
/usr/bin/cmake -E cmake_link_script CMakeFiles/cmTC_621b7.dir/link.txt --verbose=1
/usr/local/bin/gcc       CMakeFiles/cmTC_621b7.dir/feature_tests.c.o  -o cmTC_621b7 -rdynamic 
make[1]: Leaving directory '/home/juiwenyeh/Lazi_tech/MakeNTU_2019_G27/OpenCV/build/CMakeFiles/CMakeTmp'


    Feature record: C_FEATURE:1c_function_prototypes
    Feature record: C_FEATURE:0c_restrict
    Feature record: C_FEATURE:0c_static_assert
    Feature record: C_FEATURE:0c_variadic_macros
Determining if the include file pthread.h exists passed with the following output:
Change Dir: /home/juiwenyeh/Lazi_tech/MakeNTU_2019_G27/OpenCV/build/CMakeFiles/CMakeTmp

Run Build Command:"/usr/bin/make" "cmTC_b2987/fast"
/usr/bin/make -f CMakeFiles/cmTC_b2987.dir/build.make CMakeFiles/cmTC_b2987.dir/build
make[1]: Entering directory '/home/juiwenyeh/Lazi_tech/MakeNTU_2019_G27/OpenCV/build/CMakeFiles/CMakeTmp'
Building C object CMakeFiles/cmTC_b2987.dir/CheckIncludeFile.c.o
/usr/local/bin/gcc    -fsigned-char -W -Wall -Werror=return-type -Werror=non-virtual-dtor -Werror=address -Werror=sequence-point -Wformat -Werror=format-security -Wmissing-declarations -Wmissing-prototypes -Wstrict-prototypes -Wundef -Winit-self -Wpointer-arith -Wshadow -Wuninitialized -Winit-self -Wno-narrowing -Wno-comment -Wimplicit-fallthrough=3 -fdiagnostics-show-option -Wno-long-long -pthread -fomit-frame-pointer -ffunction-sections -fdata-sections  -msse -msse2 -msse3 -fvisibility=hidden  -O3 -DNDEBUG -fPIE   -o CMakeFiles/cmTC_b2987.dir/CheckIncludeFile.c.o   -c /home/juiwenyeh/Lazi_tech/MakeNTU_2019_G27/OpenCV/build/CMakeFiles/CMakeTmp/CheckIncludeFile.c
Linking C executable cmTC_b2987
/usr/bin/cmake -E cmake_link_script CMakeFiles/cmTC_b2987.dir/link.txt --verbose=1
/usr/local/bin/gcc     -fsigned-char -W -Wall -Werror=return-type -Werror=non-virtual-dtor -Werror=address -Werror=sequence-point -Wformat -Werror=format-security -Wmissing-declarations -Wmissing-prototypes -Wstrict-prototypes -Wundef -Winit-self -Wpointer-arith -Wshadow -Wuninitialized -Winit-self -Wno-narrowing -Wno-comment -Wimplicit-fallthrough=3 -fdiagnostics-show-option -Wno-long-long -pthread -fomit-frame-pointer -ffunction-sections -fdata-sections  -msse -msse2 -msse3 -fvisibility=hidden  -O3 -DNDEBUG    -Wl,--gc-sections  CMakeFiles/cmTC_b2987.dir/CheckIncludeFile.c.o  -o cmTC_b2987 -rdynamic 
make[1]: Leaving directory '/home/juiwenyeh/Lazi_tech/MakeNTU_2019_G27/OpenCV/build/CMakeFiles/CMakeTmp'


Determining if the posix_memalign exist passed with the following output:
Change Dir: /home/juiwenyeh/Lazi_tech/MakeNTU_2019_G27/OpenCV/build/CMakeFiles/CMakeTmp

Run Build Command:"/usr/bin/make" "cmTC_fec36/fast"
/usr/bin/make -f CMakeFiles/cmTC_fec36.dir/build.make CMakeFiles/cmTC_fec36.dir/build
make[1]: Entering directory '/home/juiwenyeh/Lazi_tech/MakeNTU_2019_G27/OpenCV/build/CMakeFiles/CMakeTmp'
Building C object CMakeFiles/cmTC_fec36.dir/CheckSymbolExists.c.o
/usr/local/bin/gcc    -fsigned-char -W -Wall -Werror=return-type -Werror=non-virtual-dtor -Werror=address -Werror=sequence-point -Wformat -Werror=format-security -Wmissing-declarations -Wmissing-prototypes -Wstrict-prototypes -Wundef -Winit-self -Wpointer-arith -Wshadow -Wuninitialized -Winit-self -Wno-narrowing -Wno-comment -Wimplicit-fallthrough=3 -fdiagnostics-show-option -Wno-long-long -pthread -fomit-frame-pointer -ffunction-sections -fdata-sections  -msse -msse2 -msse3 -fvisibility=hidden  -O3 -DNDEBUG -fPIE   -o CMakeFiles/cmTC_fec36.dir/CheckSymbolExists.c.o   -c /home/juiwenyeh/Lazi_tech/MakeNTU_2019_G27/OpenCV/build/CMakeFiles/CMakeTmp/CheckSymbolExists.c
Linking C executable cmTC_fec36
/usr/bin/cmake -E cmake_link_script CMakeFiles/cmTC_fec36.dir/link.txt --verbose=1
/usr/local/bin/gcc     -fsigned-char -W -Wall -Werror=return-type -Werror=non-virtual-dtor -Werror=address -Werror=sequence-point -Wformat -Werror=format-security -Wmissing-declarations -Wmissing-prototypes -Wstrict-prototypes -Wundef -Winit-self -Wpointer-arith -Wshadow -Wuninitialized -Winit-self -Wno-narrowing -Wno-comment -Wimplicit-fallthrough=3 -fdiagnostics-show-option -Wno-long-long -pthread -fomit-frame-pointer -ffunction-sections -fdata-sections  -msse -msse2 -msse3 -fvisibility=hidden  -O3 -DNDEBUG    -Wl,--gc-sections  CMakeFiles/cmTC_fec36.dir/CheckSymbolExists.c.o  -o cmTC_fec36 -rdynamic 
make[1]: Leaving directory '/home/juiwenyeh/Lazi_tech/MakeNTU_2019_G27/OpenCV/build/CMakeFiles/CMakeTmp'

File /home/juiwenyeh/Lazi_tech/MakeNTU_2019_G27/OpenCV/build/CMakeFiles/CMakeTmp/CheckSymbolExists.c:
/* */
#include <stdlib.h>

int main(int argc, char** argv)
{
  (void)argv;
#ifndef posix_memalign
  return ((int*)(&posix_memalign))[argc];
#else
  (void)argc;
  return 0;
#endif
}

Determining if the include file malloc.h exists passed with the following output:
Change Dir: /home/juiwenyeh/Lazi_tech/MakeNTU_2019_G27/OpenCV/build/CMakeFiles/CMakeTmp

Run Build Command:"/usr/bin/make" "cmTC_e7664/fast"
/usr/bin/make -f CMakeFiles/cmTC_e7664.dir/build.make CMakeFiles/cmTC_e7664.dir/build
make[1]: Entering directory '/home/juiwenyeh/Lazi_tech/MakeNTU_2019_G27/OpenCV/build/CMakeFiles/CMakeTmp'
Building C object CMakeFiles/cmTC_e7664.dir/CheckIncludeFile.c.o
/usr/local/bin/gcc    -fsigned-char -W -Wall -Werror=return-type -Werror=non-virtual-dtor -Werror=address -Werror=sequence-point -Wformat -Werror=format-security -Wmissing-declarations -Wmissing-prototypes -Wstrict-prototypes -Wundef -Winit-self -Wpointer-arith -Wshadow -Wuninitialized -Winit-self -Wno-narrowing -Wno-comment -Wimplicit-fallthrough=3 -fdiagnostics-show-option -Wno-long-long -pthread -fomit-frame-pointer -ffunction-sections -fdata-sections  -msse -msse2 -msse3 -fvisibility=hidden  -O3 -DNDEBUG -fPIE   -o CMakeFiles/cmTC_e7664.dir/CheckIncludeFile.c.o   -c /home/juiwenyeh/Lazi_tech/MakeNTU_2019_G27/OpenCV/build/CMakeFiles/CMakeTmp/CheckIncludeFile.c
Linking C executable cmTC_e7664
/usr/bin/cmake -E cmake_link_script CMakeFiles/cmTC_e7664.dir/link.txt --verbose=1
/usr/local/bin/gcc     -fsigned-char -W -Wall -Werror=return-type -Werror=non-virtual-dtor -Werror=address -Werror=sequence-point -Wformat -Werror=format-security -Wmissing-declarations -Wmissing-prototypes -Wstrict-prototypes -Wundef -Winit-self -Wpointer-arith -Wshadow -Wuninitialized -Winit-self -Wno-narrowing -Wno-comment -Wimplicit-fallthrough=3 -fdiagnostics-show-option -Wno-long-long -pthread -fomit-frame-pointer -ffunction-sections -fdata-sections  -msse -msse2 -msse3 -fvisibility=hidden  -O3 -DNDEBUG    -Wl,--gc-sections  CMakeFiles/cmTC_e7664.dir/CheckIncludeFile.c.o  -o cmTC_e7664 -rdynamic 
make[1]: Leaving directory '/home/juiwenyeh/Lazi_tech/MakeNTU_2019_G27/OpenCV/build/CMakeFiles/CMakeTmp'


Determining if the memalign exist passed with the following output:
Change Dir: /home/juiwenyeh/Lazi_tech/MakeNTU_2019_G27/OpenCV/build/CMakeFiles/CMakeTmp

Run Build Command:"/usr/bin/make" "cmTC_9c5bd/fast"
/usr/bin/make -f CMakeFiles/cmTC_9c5bd.dir/build.make CMakeFiles/cmTC_9c5bd.dir/build
make[1]: Entering directory '/home/juiwenyeh/Lazi_tech/MakeNTU_2019_G27/OpenCV/build/CMakeFiles/CMakeTmp'
Building C object CMakeFiles/cmTC_9c5bd.dir/CheckSymbolExists.c.o
/usr/local/bin/gcc    -fsigned-char -W -Wall -Werror=return-type -Werror=non-virtual-dtor -Werror=address -Werror=sequence-point -Wformat -Werror=format-security -Wmissing-declarations -Wmissing-prototypes -Wstrict-prototypes -Wundef -Winit-self -Wpointer-arith -Wshadow -Wuninitialized -Winit-self -Wno-narrowing -Wno-comment -Wimplicit-fallthrough=3 -fdiagnostics-show-option -Wno-long-long -pthread -fomit-frame-pointer -ffunction-sections -fdata-sections  -msse -msse2 -msse3 -fvisibility=hidden  -O3 -DNDEBUG -fPIE   -o CMakeFiles/cmTC_9c5bd.dir/CheckSymbolExists.c.o   -c /home/juiwenyeh/Lazi_tech/MakeNTU_2019_G27/OpenCV/build/CMakeFiles/CMakeTmp/CheckSymbolExists.c
Linking C executable cmTC_9c5bd
/usr/bin/cmake -E cmake_link_script CMakeFiles/cmTC_9c5bd.dir/link.txt --verbose=1
/usr/local/bin/gcc     -fsigned-char -W -Wall -Werror=return-type -Werror=non-virtual-dtor -Werror=address -Werror=sequence-point -Wformat -Werror=format-security -Wmissing-declarations -Wmissing-prototypes -Wstrict-prototypes -Wundef -Winit-self -Wpointer-arith -Wshadow -Wuninitialized -Winit-self -Wno-narrowing -Wno-comment -Wimplicit-fallthrough=3 -fdiagnostics-show-option -Wno-long-long -pthread -fomit-frame-pointer -ffunction-sections -fdata-sections  -msse -msse2 -msse3 -fvisibility=hidden  -O3 -DNDEBUG    -Wl,--gc-sections  CMakeFiles/cmTC_9c5bd.dir/CheckSymbolExists.c.o  -o cmTC_9c5bd -rdynamic 
make[1]: Leaving directory '/home/juiwenyeh/Lazi_tech/MakeNTU_2019_G27/OpenCV/build/CMakeFiles/CMakeTmp'

File /home/juiwenyeh/Lazi_tech/MakeNTU_2019_G27/OpenCV/build/CMakeFiles/CMakeTmp/CheckSymbolExists.c:
/* */
#include <malloc.h>

int main(int argc, char** argv)
{
  (void)argv;
#ifndef memalign
  return ((int*)(&memalign))[argc];
#else
  (void)argc;
  return 0;
#endif
}

Determining if the include file sys/types.h exists passed with the following output:
Change Dir: /home/juiwenyeh/Lazi_tech/MakeNTU_2019_G27/OpenCV/build/CMakeFiles/CMakeTmp

Run Build Command:"/usr/bin/make" "cmTC_6446a/fast"
/usr/bin/make -f CMakeFiles/cmTC_6446a.dir/build.make CMakeFiles/cmTC_6446a.dir/build
make[1]: Entering directory '/home/juiwenyeh/Lazi_tech/MakeNTU_2019_G27/OpenCV/build/CMakeFiles/CMakeTmp'
Building C object CMakeFiles/cmTC_6446a.dir/CheckIncludeFile.c.o
/usr/local/bin/gcc    -fsigned-char -W -Wall -Werror=return-type -Werror=non-virtual-dtor -Werror=address -Werror=sequence-point -Wformat -Werror=format-security -Wmissing-declarations -Wmissing-prototypes -Wstrict-prototypes -Wundef -Winit-self -Wpointer-arith -Wshadow -Wuninitialized -Winit-self -Wno-narrowing -Wno-comment -Wimplicit-fallthrough=3 -fdiagnostics-show-option -Wno-long-long -pthread -fomit-frame-pointer -ffunction-sections -fdata-sections  -msse -msse2 -msse3 -fvisibility=hidden  -O3 -DNDEBUG -fPIE   -o CMakeFiles/cmTC_6446a.dir/CheckIncludeFile.c.o   -c /home/juiwenyeh/Lazi_tech/MakeNTU_2019_G27/OpenCV/build/CMakeFiles/CMakeTmp/CheckIncludeFile.c
Linking C executable cmTC_6446a
/usr/bin/cmake -E cmake_link_script CMakeFiles/cmTC_6446a.dir/link.txt --verbose=1
/usr/local/bin/gcc     -fsigned-char -W -Wall -Werror=return-type -Werror=non-virtual-dtor -Werror=address -Werror=sequence-point -Wformat -Werror=format-security -Wmissing-declarations -Wmissing-prototypes -Wstrict-prototypes -Wundef -Winit-self -Wpointer-arith -Wshadow -Wuninitialized -Winit-self -Wno-narrowing -Wno-comment -Wimplicit-fallthrough=3 -fdiagnostics-show-option -Wno-long-long -pthread -fomit-frame-pointer -ffunction-sections -fdata-sections  -msse -msse2 -msse3 -fvisibility=hidden  -O3 -DNDEBUG    -Wl,--gc-sections  CMakeFiles/cmTC_6446a.dir/CheckIncludeFile.c.o  -o cmTC_6446a -rdynamic 
make[1]: Leaving directory '/home/juiwenyeh/Lazi_tech/MakeNTU_2019_G27/OpenCV/build/CMakeFiles/CMakeTmp'


Determining if the include file stdint.h exists passed with the following output:
Change Dir: /home/juiwenyeh/Lazi_tech/MakeNTU_2019_G27/OpenCV/build/CMakeFiles/CMakeTmp

Run Build Command:"/usr/bin/make" "cmTC_5c22b/fast"
/usr/bin/make -f CMakeFiles/cmTC_5c22b.dir/build.make CMakeFiles/cmTC_5c22b.dir/build
make[1]: Entering directory '/home/juiwenyeh/Lazi_tech/MakeNTU_2019_G27/OpenCV/build/CMakeFiles/CMakeTmp'
Building C object CMakeFiles/cmTC_5c22b.dir/CheckIncludeFile.c.o
/usr/local/bin/gcc    -fsigned-char -W -Wall -Werror=return-type -Werror=non-virtual-dtor -Werror=address -Werror=sequence-point -Wformat -Werror=format-security -Wmissing-declarations -Wmissing-prototypes -Wstrict-prototypes -Wundef -Winit-self -Wpointer-arith -Wshadow -Wuninitialized -Winit-self -Wno-narrowing -Wno-comment -Wimplicit-fallthrough=3 -fdiagnostics-show-option -Wno-long-long -pthread -fomit-frame-pointer -ffunction-sections -fdata-sections  -msse -msse2 -msse3 -fvisibility=hidden  -O3 -DNDEBUG -fPIE   -o CMakeFiles/cmTC_5c22b.dir/CheckIncludeFile.c.o   -c /home/juiwenyeh/Lazi_tech/MakeNTU_2019_G27/OpenCV/build/CMakeFiles/CMakeTmp/CheckIncludeFile.c
Linking C executable cmTC_5c22b
/usr/bin/cmake -E cmake_link_script CMakeFiles/cmTC_5c22b.dir/link.txt --verbose=1
/usr/local/bin/gcc     -fsigned-char -W -Wall -Werror=return-type -Werror=non-virtual-dtor -Werror=address -Werror=sequence-point -Wformat -Werror=format-security -Wmissing-declarations -Wmissing-prototypes -Wstrict-prototypes -Wundef -Winit-self -Wpointer-arith -Wshadow -Wuninitialized -Winit-self -Wno-narrowing -Wno-comment -Wimplicit-fallthrough=3 -fdiagnostics-show-option -Wno-long-long -pthread -fomit-frame-pointer -ffunction-sections -fdata-sections  -msse -msse2 -msse3 -fvisibility=hidden  -O3 -DNDEBUG    -Wl,--gc-sections  CMakeFiles/cmTC_5c22b.dir/CheckIncludeFile.c.o  -o cmTC_5c22b -rdynamic 
make[1]: Leaving directory '/home/juiwenyeh/Lazi_tech/MakeNTU_2019_G27/OpenCV/build/CMakeFiles/CMakeTmp'


Determining if the include file stddef.h exists passed with the following output:
Change Dir: /home/juiwenyeh/Lazi_tech/MakeNTU_2019_G27/OpenCV/build/CMakeFiles/CMakeTmp

Run Build Command:"/usr/bin/make" "cmTC_256b2/fast"
/usr/bin/make -f CMakeFiles/cmTC_256b2.dir/build.make CMakeFiles/cmTC_256b2.dir/build
make[1]: Entering directory '/home/juiwenyeh/Lazi_tech/MakeNTU_2019_G27/OpenCV/build/CMakeFiles/CMakeTmp'
Building C object CMakeFiles/cmTC_256b2.dir/CheckIncludeFile.c.o
/usr/local/bin/gcc    -fsigned-char -W -Wall -Werror=return-type -Werror=non-virtual-dtor -Werror=address -Werror=sequence-point -Wformat -Werror=format-security -Wmissing-declarations -Wmissing-prototypes -Wstrict-prototypes -Wundef -Winit-self -Wpointer-arith -Wshadow -Wuninitialized -Winit-self -Wno-narrowing -Wno-comment -Wimplicit-fallthrough=3 -fdiagnostics-show-option -Wno-long-long -pthread -fomit-frame-pointer -ffunction-sections -fdata-sections  -msse -msse2 -msse3 -fvisibility=hidden  -O3 -DNDEBUG -fPIE   -o CMakeFiles/cmTC_256b2.dir/CheckIncludeFile.c.o   -c /home/juiwenyeh/Lazi_tech/MakeNTU_2019_G27/OpenCV/build/CMakeFiles/CMakeTmp/CheckIncludeFile.c
Linking C executable cmTC_256b2
/usr/bin/cmake -E cmake_link_script CMakeFiles/cmTC_256b2.dir/link.txt --verbose=1
/usr/local/bin/gcc     -fsigned-char -W -Wall -Werror=return-type -Werror=non-virtual-dtor -Werror=address -Werror=sequence-point -Wformat -Werror=format-security -Wmissing-declarations -Wmissing-prototypes -Wstrict-prototypes -Wundef -Winit-self -Wpointer-arith -Wshadow -Wuninitialized -Winit-self -Wno-narrowing -Wno-comment -Wimplicit-fallthrough=3 -fdiagnostics-show-option -Wno-long-long -pthread -fomit-frame-pointer -ffunction-sections -fdata-sections  -msse -msse2 -msse3 -fvisibility=hidden  -O3 -DNDEBUG    -Wl,--gc-sections  CMakeFiles/cmTC_256b2.dir/CheckIncludeFile.c.o  -o cmTC_256b2 -rdynamic 
make[1]: Leaving directory '/home/juiwenyeh/Lazi_tech/MakeNTU_2019_G27/OpenCV/build/CMakeFiles/CMakeTmp'


Determining size of unsigned short passed with the following output:
Change Dir: /home/juiwenyeh/Lazi_tech/MakeNTU_2019_G27/OpenCV/build/CMakeFiles/CMakeTmp

Run Build Command:"/usr/bin/make" "cmTC_ae022/fast"
/usr/bin/make -f CMakeFiles/cmTC_ae022.dir/build.make CMakeFiles/cmTC_ae022.dir/build
make[1]: Entering directory '/home/juiwenyeh/Lazi_tech/MakeNTU_2019_G27/OpenCV/build/CMakeFiles/CMakeTmp'
Building C object CMakeFiles/cmTC_ae022.dir/CMAKE_SIZEOF_UNSIGNED_SHORT.c.o
/usr/local/bin/gcc    -fsigned-char -W -Wall -Werror=return-type -Werror=non-virtual-dtor -Werror=address -Werror=sequence-point -Wformat -Werror=format-security -Wmissing-declarations -Wmissing-prototypes -Wstrict-prototypes -Wundef -Winit-self -Wpointer-arith -Wshadow -Wuninitialized -Winit-self -Wno-narrowing -Wno-comment -Wimplicit-fallthrough=3 -fdiagnostics-show-option -Wno-long-long -pthread -fomit-frame-pointer -ffunction-sections -fdata-sections  -msse -msse2 -msse3 -fvisibility=hidden  -O3 -DNDEBUG -fPIE   -o CMakeFiles/cmTC_ae022.dir/CMAKE_SIZEOF_UNSIGNED_SHORT.c.o   -c /home/juiwenyeh/Lazi_tech/MakeNTU_2019_G27/OpenCV/build/CMakeFiles/CheckTypeSize/CMAKE_SIZEOF_UNSIGNED_SHORT.c
Linking C executable cmTC_ae022
/usr/bin/cmake -E cmake_link_script CMakeFiles/cmTC_ae022.dir/link.txt --verbose=1
/usr/local/bin/gcc     -fsigned-char -W -Wall -Werror=return-type -Werror=non-virtual-dtor -Werror=address -Werror=sequence-point -Wformat -Werror=format-security -Wmissing-declarations -Wmissing-prototypes -Wstrict-prototypes -Wundef -Winit-self -Wpointer-arith -Wshadow -Wuninitialized -Winit-self -Wno-narrowing -Wno-comment -Wimplicit-fallthrough=3 -fdiagnostics-show-option -Wno-long-long -pthread -fomit-frame-pointer -ffunction-sections -fdata-sections  -msse -msse2 -msse3 -fvisibility=hidden  -O3 -DNDEBUG    -Wl,--gc-sections  CMakeFiles/cmTC_ae022.dir/CMAKE_SIZEOF_UNSIGNED_SHORT.c.o  -o cmTC_ae022 -rdynamic 
make[1]: Leaving directory '/home/juiwenyeh/Lazi_tech/MakeNTU_2019_G27/OpenCV/build/CMakeFiles/CMakeTmp'


Determining if the system is big endian passed with the following output:
Change Dir: /home/juiwenyeh/Lazi_tech/MakeNTU_2019_G27/OpenCV/build/CMakeFiles/CMakeTmp

Run Build Command:"/usr/bin/make" "cmTC_7e7e0/fast"
/usr/bin/make -f CMakeFiles/cmTC_7e7e0.dir/build.make CMakeFiles/cmTC_7e7e0.dir/build
make[1]: Entering directory '/home/juiwenyeh/Lazi_tech/MakeNTU_2019_G27/OpenCV/build/CMakeFiles/CMakeTmp'
Building C object CMakeFiles/cmTC_7e7e0.dir/TestEndianess.c.o
/usr/local/bin/gcc    -fsigned-char -W -Wall -Werror=return-type -Werror=non-virtual-dtor -Werror=address -Werror=sequence-point -Wformat -Werror=format-security -Wmissing-declarations -Wmissing-prototypes -Wstrict-prototypes -Wundef -Winit-self -Wpointer-arith -Wshadow -Wuninitialized -Winit-self -Wno-narrowing -Wno-comment -Wimplicit-fallthrough=3 -fdiagnostics-show-option -Wno-long-long -pthread -fomit-frame-pointer -ffunction-sections -fdata-sections  -msse -msse2 -msse3 -fvisibility=hidden  -O3 -DNDEBUG -fPIE   -o CMakeFiles/cmTC_7e7e0.dir/TestEndianess.c.o   -c /home/juiwenyeh/Lazi_tech/MakeNTU_2019_G27/OpenCV/build/CMakeFiles/CMakeTmp/TestEndianess.c
Linking C executable cmTC_7e7e0
/usr/bin/cmake -E cmake_link_script CMakeFiles/cmTC_7e7e0.dir/link.txt --verbose=1
/usr/local/bin/gcc     -fsigned-char -W -Wall -Werror=return-type -Werror=non-virtual-dtor -Werror=address -Werror=sequence-point -Wformat -Werror=format-security -Wmissing-declarations -Wmissing-prototypes -Wstrict-prototypes -Wundef -Winit-self -Wpointer-arith -Wshadow -Wuninitialized -Winit-self -Wno-narrowing -Wno-comment -Wimplicit-fallthrough=3 -fdiagnostics-show-option -Wno-long-long -pthread -fomit-frame-pointer -ffunction-sections -fdata-sections  -msse -msse2 -msse3 -fvisibility=hidden  -O3 -DNDEBUG    -Wl,--gc-sections  CMakeFiles/cmTC_7e7e0.dir/TestEndianess.c.o  -o cmTC_7e7e0 -rdynamic 
make[1]: Leaving directory '/home/juiwenyeh/Lazi_tech/MakeNTU_2019_G27/OpenCV/build/CMakeFiles/CMakeTmp'

TestEndianess.c:
/* A 16 bit integer is required. */
typedef unsigned short cmakeint16;

/* On a little endian machine, these 16bit ints will give "THIS IS LITTLE ENDIAN."
   On a big endian machine the characters will be exchanged pairwise. */
const cmakeint16 info_little[] =  {0x4854, 0x5349, 0x4920, 0x2053, 0x494c, 0x5454, 0x454c, 0x4520, 0x444e, 0x4149, 0x2e4e, 0x0000};

/* on a big endian machine, these 16bit ints will give "THIS IS BIG ENDIAN."
   On a little endian machine the characters will be exchanged pairwise. */
const cmakeint16 info_big[] =     {0x5448, 0x4953, 0x2049, 0x5320, 0x4249, 0x4720, 0x454e, 0x4449, 0x414e, 0x2e2e, 0x0000};

#ifdef __CLASSIC_C__
int main(argc, argv) int argc; char *argv[];
#else
int main(int argc, char *argv[])
#endif
{
  int require = 0;
  require += info_little[argc];
  require += info_big[argc];
  (void)argv;
  return require;
}


Determining if the include file /usr/include/libpng/png.h exists passed with the following output:
Change Dir: /home/juiwenyeh/Lazi_tech/MakeNTU_2019_G27/OpenCV/build/CMakeFiles/CMakeTmp

Run Build Command:"/usr/bin/make" "cmTC_76d28/fast"
/usr/bin/make -f CMakeFiles/cmTC_76d28.dir/build.make CMakeFiles/cmTC_76d28.dir/build
make[1]: Entering directory '/home/juiwenyeh/Lazi_tech/MakeNTU_2019_G27/OpenCV/build/CMakeFiles/CMakeTmp'
Building C object CMakeFiles/cmTC_76d28.dir/CheckIncludeFile.c.o
/usr/local/bin/gcc    -fsigned-char -W -Wall -Werror=return-type -Werror=non-virtual-dtor -Werror=address -Werror=sequence-point -Wformat -Werror=format-security -Wmissing-declarations -Wmissing-prototypes -Wstrict-prototypes -Wundef -Winit-self -Wpointer-arith -Wshadow -Wuninitialized -Winit-self -Wno-narrowing -Wno-comment -Wimplicit-fallthrough=3 -fdiagnostics-show-option -Wno-long-long -pthread -fomit-frame-pointer -ffunction-sections -fdata-sections  -msse -msse2 -msse3 -fvisibility=hidden  -O3 -DNDEBUG -fPIE   -o CMakeFiles/cmTC_76d28.dir/CheckIncludeFile.c.o   -c /home/juiwenyeh/Lazi_tech/MakeNTU_2019_G27/OpenCV/build/CMakeFiles/CMakeTmp/CheckIncludeFile.c
Linking C executable cmTC_76d28
/usr/bin/cmake -E cmake_link_script CMakeFiles/cmTC_76d28.dir/link.txt --verbose=1
/usr/local/bin/gcc     -fsigned-char -W -Wall -Werror=return-type -Werror=non-virtual-dtor -Werror=address -Werror=sequence-point -Wformat -Werror=format-security -Wmissing-declarations -Wmissing-prototypes -Wstrict-prototypes -Wundef -Winit-self -Wpointer-arith -Wshadow -Wuninitialized -Winit-self -Wno-narrowing -Wno-comment -Wimplicit-fallthrough=3 -fdiagnostics-show-option -Wno-long-long -pthread -fomit-frame-pointer -ffunction-sections -fdata-sections  -msse -msse2 -msse3 -fvisibility=hidden  -O3 -DNDEBUG    -Wl,--gc-sections  CMakeFiles/cmTC_76d28.dir/CheckIncludeFile.c.o  -o cmTC_76d28 -rdynamic 
make[1]: Leaving directory '/home/juiwenyeh/Lazi_tech/MakeNTU_2019_G27/OpenCV/build/CMakeFiles/CMakeTmp'


Determining if the include file linux/videodev2.h exists passed with the following output:
Change Dir: /home/juiwenyeh/Lazi_tech/MakeNTU_2019_G27/OpenCV/build/CMakeFiles/CMakeTmp

Run Build Command:"/usr/bin/make" "cmTC_4f635/fast"
/usr/bin/make -f CMakeFiles/cmTC_4f635.dir/build.make CMakeFiles/cmTC_4f635.dir/build
make[1]: Entering directory '/home/juiwenyeh/Lazi_tech/MakeNTU_2019_G27/OpenCV/build/CMakeFiles/CMakeTmp'
Building C object CMakeFiles/cmTC_4f635.dir/CheckIncludeFile.c.o
/usr/local/bin/gcc    -fsigned-char -W -Wall -Werror=return-type -Werror=non-virtual-dtor -Werror=address -Werror=sequence-point -Wformat -Werror=format-security -Wmissing-declarations -Wmissing-prototypes -Wstrict-prototypes -Wundef -Winit-self -Wpointer-arith -Wshadow -Wuninitialized -Winit-self -Wno-narrowing -Wno-comment -Wimplicit-fallthrough=3 -fdiagnostics-show-option -Wno-long-long -pthread -fomit-frame-pointer -ffunction-sections -fdata-sections  -msse -msse2 -msse3 -fvisibility=hidden  -O3 -DNDEBUG -fPIE   -o CMakeFiles/cmTC_4f635.dir/CheckIncludeFile.c.o   -c /home/juiwenyeh/Lazi_tech/MakeNTU_2019_G27/OpenCV/build/CMakeFiles/CMakeTmp/CheckIncludeFile.c
Linking C executable cmTC_4f635
/usr/bin/cmake -E cmake_link_script CMakeFiles/cmTC_4f635.dir/link.txt --verbose=1
/usr/local/bin/gcc     -fsigned-char -W -Wall -Werror=return-type -Werror=non-virtual-dtor -Werror=address -Werror=sequence-point -Wformat -Werror=format-security -Wmissing-declarations -Wmissing-prototypes -Wstrict-prototypes -Wundef -Winit-self -Wpointer-arith -Wshadow -Wuninitialized -Winit-self -Wno-narrowing -Wno-comment -Wimplicit-fallthrough=3 -fdiagnostics-show-option -Wno-long-long -pthread -fomit-frame-pointer -ffunction-sections -fdata-sections  -msse -msse2 -msse3 -fvisibility=hidden  -O3 -DNDEBUG    -Wl,--gc-sections  CMakeFiles/cmTC_4f635.dir/CheckIncludeFile.c.o  -o cmTC_4f635 -rdynamic 
make[1]: Leaving directory '/home/juiwenyeh/Lazi_tech/MakeNTU_2019_G27/OpenCV/build/CMakeFiles/CMakeTmp'


Determining if the function sgemm_ exists passed with the following output:
Change Dir: /home/juiwenyeh/Lazi_tech/MakeNTU_2019_G27/OpenCV/build/CMakeFiles/CMakeTmp

Run Build Command:"/usr/bin/make" "cmTC_0ba9b/fast"
/usr/bin/make -f CMakeFiles/cmTC_0ba9b.dir/build.make CMakeFiles/cmTC_0ba9b.dir/build
make[1]: Entering directory '/home/juiwenyeh/Lazi_tech/MakeNTU_2019_G27/OpenCV/build/CMakeFiles/CMakeTmp'
Building C object CMakeFiles/cmTC_0ba9b.dir/CheckFunctionExists.c.o
/usr/local/bin/gcc    -fsigned-char -W -Wall -Werror=return-type -Werror=non-virtual-dtor -Werror=address -Werror=sequence-point -Wformat -Werror=format-security -Wmissing-declarations -Wmissing-prototypes -Wstrict-prototypes -Wundef -Winit-self -Wpointer-arith -Wshadow -Wuninitialized -Winit-self -Wno-narrowing -Wno-comment -Wimplicit-fallthrough=3 -fdiagnostics-show-option -Wno-long-long -pthread -fomit-frame-pointer -ffunction-sections -fdata-sections  -msse -msse2 -msse3 -fvisibility=hidden -DCHECK_FUNCTION_EXISTS=sgemm_ -O3 -DNDEBUG -fPIE   -o CMakeFiles/cmTC_0ba9b.dir/CheckFunctionExists.c.o   -c /usr/share/cmake-3.7/Modules/CheckFunctionExists.c
/usr/share/cmake-3.7/Modules/CheckFunctionExists.c:7:3: 警告：函式宣告不是一個原型 [-Wstrict-prototypes]
   CHECK_FUNCTION_EXISTS();
   ^~~~~~~~~~~~~~~~~~~~~
Linking C executable cmTC_0ba9b
/usr/bin/cmake -E cmake_link_script CMakeFiles/cmTC_0ba9b.dir/link.txt --verbose=1
/usr/local/bin/gcc     -fsigned-char -W -Wall -Werror=return-type -Werror=non-virtual-dtor -Werror=address -Werror=sequence-point -Wformat -Werror=format-security -Wmissing-declarations -Wmissing-prototypes -Wstrict-prototypes -Wundef -Winit-self -Wpointer-arith -Wshadow -Wuninitialized -Winit-self -Wno-narrowing -Wno-comment -Wimplicit-fallthrough=3 -fdiagnostics-show-option -Wno-long-long -pthread -fomit-frame-pointer -ffunction-sections -fdata-sections  -msse -msse2 -msse3 -fvisibility=hidden -DCHECK_FUNCTION_EXISTS=sgemm_ -O3 -DNDEBUG    -Wl,--gc-sections  CMakeFiles/cmTC_0ba9b.dir/CheckFunctionExists.c.o  -o cmTC_0ba9b -rdynamic /usr/lib/libblas.so 
make[1]: Leaving directory '/home/juiwenyeh/Lazi_tech/MakeNTU_2019_G27/OpenCV/build/CMakeFiles/CMakeTmp'


Determining if the include file pthread.h exists passed with the following output:
Change Dir: /home/juiwenyeh/Lazi_tech/MakeNTU_2019_G27/OpenCV/build/CMakeFiles/CMakeTmp

Run Build Command:"/usr/bin/make" "cmTC_201ae/fast"
/usr/bin/make -f CMakeFiles/cmTC_201ae.dir/build.make CMakeFiles/cmTC_201ae.dir/build
make[1]: Entering directory '/home/juiwenyeh/Lazi_tech/MakeNTU_2019_G27/OpenCV/build/CMakeFiles/CMakeTmp'
Building C object CMakeFiles/cmTC_201ae.dir/CheckIncludeFile.c.o
/usr/local/bin/gcc    -fsigned-char -W -Wall -Werror=return-type -Werror=non-virtual-dtor -Werror=address -Werror=sequence-point -Wformat -Werror=format-security -Wmissing-declarations -Wmissing-prototypes -Wstrict-prototypes -Wundef -Winit-self -Wpointer-arith -Wshadow -Wuninitialized -Winit-self -Wno-narrowing -Wno-comment -Wimplicit-fallthrough=3 -fdiagnostics-show-option -Wno-long-long -pthread -fomit-frame-pointer -ffunction-sections -fdata-sections  -msse -msse2 -msse3 -fvisibility=hidden  -O3 -DNDEBUG -fPIE   -o CMakeFiles/cmTC_201ae.dir/CheckIncludeFile.c.o   -c /home/juiwenyeh/Lazi_tech/MakeNTU_2019_G27/OpenCV/build/CMakeFiles/CMakeTmp/CheckIncludeFile.c
Linking C executable cmTC_201ae
/usr/bin/cmake -E cmake_link_script CMakeFiles/cmTC_201ae.dir/link.txt --verbose=1
/usr/local/bin/gcc     -fsigned-char -W -Wall -Werror=return-type -Werror=non-virtual-dtor -Werror=address -Werror=sequence-point -Wformat -Werror=format-security -Wmissing-declarations -Wmissing-prototypes -Wstrict-prototypes -Wundef -Winit-self -Wpointer-arith -Wshadow -Wuninitialized -Winit-self -Wno-narrowing -Wno-comment -Wimplicit-fallthrough=3 -fdiagnostics-show-option -Wno-long-long -pthread -fomit-frame-pointer -ffunction-sections -fdata-sections  -msse -msse2 -msse3 -fvisibility=hidden  -O3 -DNDEBUG    -Wl,--gc-sections  CMakeFiles/cmTC_201ae.dir/CheckIncludeFile.c.o  -o cmTC_201ae -rdynamic 
make[1]: Leaving directory '/home/juiwenyeh/Lazi_tech/MakeNTU_2019_G27/OpenCV/build/CMakeFiles/CMakeTmp'


Determining if the pthread_create exist passed with the following output:
Change Dir: /home/juiwenyeh/Lazi_tech/MakeNTU_2019_G27/OpenCV/build/CMakeFiles/CMakeTmp

Run Build Command:"/usr/bin/make" "cmTC_12bda/fast"
/usr/bin/make -f CMakeFiles/cmTC_12bda.dir/build.make CMakeFiles/cmTC_12bda.dir/build
make[1]: Entering directory '/home/juiwenyeh/Lazi_tech/MakeNTU_2019_G27/OpenCV/build/CMakeFiles/CMakeTmp'
Building C object CMakeFiles/cmTC_12bda.dir/CheckSymbolExists.c.o
/usr/local/bin/gcc    -fsigned-char -W -Wall -Werror=return-type -Werror=non-virtual-dtor -Werror=address -Werror=sequence-point -Wformat -Werror=format-security -Wmissing-declarations -Wmissing-prototypes -Wstrict-prototypes -Wundef -Winit-self -Wpointer-arith -Wshadow -Wuninitialized -Winit-self -Wno-narrowing -Wno-comment -Wimplicit-fallthrough=3 -fdiagnostics-show-option -Wno-long-long -pthread -fomit-frame-pointer -ffunction-sections -fdata-sections  -msse -msse2 -msse3 -fvisibility=hidden  -O3 -DNDEBUG -fPIE   -o CMakeFiles/cmTC_12bda.dir/CheckSymbolExists.c.o   -c /home/juiwenyeh/Lazi_tech/MakeNTU_2019_G27/OpenCV/build/CMakeFiles/CMakeTmp/CheckSymbolExists.c
Linking C executable cmTC_12bda
/usr/bin/cmake -E cmake_link_script CMakeFiles/cmTC_12bda.dir/link.txt --verbose=1
/usr/local/bin/gcc     -fsigned-char -W -Wall -Werror=return-type -Werror=non-virtual-dtor -Werror=address -Werror=sequence-point -Wformat -Werror=format-security -Wmissing-declarations -Wmissing-prototypes -Wstrict-prototypes -Wundef -Winit-self -Wpointer-arith -Wshadow -Wuninitialized -Winit-self -Wno-narrowing -Wno-comment -Wimplicit-fallthrough=3 -fdiagnostics-show-option -Wno-long-long -pthread -fomit-frame-pointer -ffunction-sections -fdata-sections  -msse -msse2 -msse3 -fvisibility=hidden  -O3 -DNDEBUG    -Wl,--gc-sections  CMakeFiles/cmTC_12bda.dir/CheckSymbolExists.c.o  -o cmTC_12bda -rdynamic 
make[1]: Leaving directory '/home/juiwenyeh/Lazi_tech/MakeNTU_2019_G27/OpenCV/build/CMakeFiles/CMakeTmp'

File /home/juiwenyeh/Lazi_tech/MakeNTU_2019_G27/OpenCV/build/CMakeFiles/CMakeTmp/CheckSymbolExists.c:
/* */
#include <pthread.h>

int main(int argc, char** argv)
{
  (void)argv;
#ifndef pthread_create
  return ((int*)(&pthread_create))[argc];
#else
  (void)argc;
  return 0;
#endif
}

Determining if the function cheev_ exists passed with the following output:
Change Dir: /home/juiwenyeh/Lazi_tech/MakeNTU_2019_G27/OpenCV/build/CMakeFiles/CMakeTmp

Run Build Command:"/usr/bin/make" "cmTC_1b63f/fast"
/usr/bin/make -f CMakeFiles/cmTC_1b63f.dir/build.make CMakeFiles/cmTC_1b63f.dir/build
make[1]: Entering directory '/home/juiwenyeh/Lazi_tech/MakeNTU_2019_G27/OpenCV/build/CMakeFiles/CMakeTmp'
Building C object CMakeFiles/cmTC_1b63f.dir/CheckFunctionExists.c.o
/usr/local/bin/gcc    -fsigned-char -W -Wall -Werror=return-type -Werror=non-virtual-dtor -Werror=address -Werror=sequence-point -Wformat -Werror=format-security -Wmissing-declarations -Wmissing-prototypes -Wstrict-prototypes -Wundef -Winit-self -Wpointer-arith -Wshadow -Wuninitialized -Winit-self -Wno-narrowing -Wno-comment -Wimplicit-fallthrough=3 -fdiagnostics-show-option -Wno-long-long -pthread -fomit-frame-pointer -ffunction-sections -fdata-sections  -msse -msse2 -msse3 -fvisibility=hidden -DCHECK_FUNCTION_EXISTS=cheev_ -O3 -DNDEBUG -fPIE   -o CMakeFiles/cmTC_1b63f.dir/CheckFunctionExists.c.o   -c /usr/share/cmake-3.7/Modules/CheckFunctionExists.c
/usr/share/cmake-3.7/Modules/CheckFunctionExists.c:7:3: 警告：函式宣告不是一個原型 [-Wstrict-prototypes]
   CHECK_FUNCTION_EXISTS();
   ^~~~~~~~~~~~~~~~~~~~~
Linking C executable cmTC_1b63f
/usr/bin/cmake -E cmake_link_script CMakeFiles/cmTC_1b63f.dir/link.txt --verbose=1
/usr/local/bin/gcc     -fsigned-char -W -Wall -Werror=return-type -Werror=non-virtual-dtor -Werror=address -Werror=sequence-point -Wformat -Werror=format-security -Wmissing-declarations -Wmissing-prototypes -Wstrict-prototypes -Wundef -Winit-self -Wpointer-arith -Wshadow -Wuninitialized -Winit-self -Wno-narrowing -Wno-comment -Wimplicit-fallthrough=3 -fdiagnostics-show-option -Wno-long-long -pthread -fomit-frame-pointer -ffunction-sections -fdata-sections  -msse -msse2 -msse3 -fvisibility=hidden -DCHECK_FUNCTION_EXISTS=cheev_ -O3 -DNDEBUG    -Wl,--gc-sections  CMakeFiles/cmTC_1b63f.dir/CheckFunctionExists.c.o  -o cmTC_1b63f -rdynamic /usr/lib/liblapack.so /usr/lib/libblas.so 
make[1]: Leaving directory '/home/juiwenyeh/Lazi_tech/MakeNTU_2019_G27/OpenCV/build/CMakeFiles/CMakeTmp'


Determining if the function dlerror exists in the dl passed with the following output:
Change Dir: /home/juiwenyeh/Lazi_tech/MakeNTU_2019_G27/OpenCV/build/CMakeFiles/CMakeTmp

Run Build Command:"/usr/bin/make" "cmTC_627c9/fast"
/usr/bin/make -f CMakeFiles/cmTC_627c9.dir/build.make CMakeFiles/cmTC_627c9.dir/build
make[1]: Entering directory '/home/juiwenyeh/Lazi_tech/MakeNTU_2019_G27/OpenCV/build/CMakeFiles/CMakeTmp'
Building C object CMakeFiles/cmTC_627c9.dir/CheckFunctionExists.c.o
/usr/local/bin/gcc    -fsigned-char -W -Wall -Werror=return-type -Werror=non-virtual-dtor -Werror=address -Werror=sequence-point -Wformat -Werror=format-security -Wmissing-declarations -Wmissing-prototypes -Wstrict-prototypes -Wundef -Winit-self -Wpointer-arith -Wshadow -Wuninitialized -Winit-self -Wno-narrowing -Wno-comment -Wimplicit-fallthrough=3 -fdiagnostics-show-option -Wno-long-long -pthread -fomit-frame-pointer -ffunction-sections -fdata-sections  -msse -msse2 -msse3 -fvisibility=hidden -DCHECK_FUNCTION_EXISTS=dlerror -O3 -DNDEBUG -fPIE   -o CMakeFiles/cmTC_627c9.dir/CheckFunctionExists.c.o   -c /usr/share/cmake-3.7/Modules/CheckFunctionExists.c
/usr/share/cmake-3.7/Modules/CheckFunctionExists.c:7:3: 警告：函式宣告不是一個原型 [-Wstrict-prototypes]
   CHECK_FUNCTION_EXISTS();
   ^~~~~~~~~~~~~~~~~~~~~
Linking C executable cmTC_627c9
/usr/bin/cmake -E cmake_link_script CMakeFiles/cmTC_627c9.dir/link.txt --verbose=1
/usr/local/bin/gcc     -fsigned-char -W -Wall -Werror=return-type -Werror=non-virtual-dtor -Werror=address -Werror=sequence-point -Wformat -Werror=format-security -Wmissing-declarations -Wmissing-prototypes -Wstrict-prototypes -Wundef -Winit-self -Wpointer-arith -Wshadow -Wuninitialized -Winit-self -Wno-narrowing -Wno-comment -Wimplicit-fallthrough=3 -fdiagnostics-show-option -Wno-long-long -pthread -fomit-frame-pointer -ffunction-sections -fdata-sections  -msse -msse2 -msse3 -fvisibility=hidden -DCHECK_FUNCTION_EXISTS=dlerror -O3 -DNDEBUG    -Wl,--gc-sections  CMakeFiles/cmTC_627c9.dir/CheckFunctionExists.c.o  -o cmTC_627c9 -rdynamic -ldl 
make[1]: Leaving directory '/home/juiwenyeh/Lazi_tech/MakeNTU_2019_G27/OpenCV/build/CMakeFiles/CMakeTmp'


Determining if the function XOpenDisplay exists in the /usr/lib/x86_64-linux-gnu/libX11.so;/usr/lib/x86_64-linux-gnu/libXext.so passed with the following output:
Change Dir: /home/juiwenyeh/Lazi_tech/MakeNTU_2019_G27/OpenCV/build/CMakeFiles/CMakeTmp

Run Build Command:"/usr/bin/make" "cmTC_2e999/fast"
/usr/bin/make -f CMakeFiles/cmTC_2e999.dir/build.make CMakeFiles/cmTC_2e999.dir/build
make[1]: Entering directory '/home/juiwenyeh/Lazi_tech/MakeNTU_2019_G27/OpenCV/build/CMakeFiles/CMakeTmp'
Building C object CMakeFiles/cmTC_2e999.dir/CheckFunctionExists.c.o
/usr/local/bin/gcc    -fsigned-char -W -Wall -Werror=return-type -Werror=non-virtual-dtor -Werror=address -Werror=sequence-point -Wformat -Werror=format-security -Wmissing-declarations -Wmissing-prototypes -Wstrict-prototypes -Wundef -Winit-self -Wpointer-arith -Wshadow -Wuninitialized -Winit-self -Wno-narrowing -Wno-comment -Wimplicit-fallthrough=3 -fdiagnostics-show-option -Wno-long-long -pthread -fomit-frame-pointer -ffunction-sections -fdata-sections  -msse -msse2 -msse3 -fvisibility=hidden -DCHECK_FUNCTION_EXISTS=XOpenDisplay -O3 -DNDEBUG -fPIE   -o CMakeFiles/cmTC_2e999.dir/CheckFunctionExists.c.o   -c /usr/share/cmake-3.7/Modules/CheckFunctionExists.c
/usr/share/cmake-3.7/Modules/CheckFunctionExists.c:7:3: 警告：函式宣告不是一個原型 [-Wstrict-prototypes]
   CHECK_FUNCTION_EXISTS();
   ^~~~~~~~~~~~~~~~~~~~~
Linking C executable cmTC_2e999
/usr/bin/cmake -E cmake_link_script CMakeFiles/cmTC_2e999.dir/link.txt --verbose=1
/usr/local/bin/gcc     -fsigned-char -W -Wall -Werror=return-type -Werror=non-virtual-dtor -Werror=address -Werror=sequence-point -Wformat -Werror=format-security -Wmissing-declarations -Wmissing-prototypes -Wstrict-prototypes -Wundef -Winit-self -Wpointer-arith -Wshadow -Wuninitialized -Winit-self -Wno-narrowing -Wno-comment -Wimplicit-fallthrough=3 -fdiagnostics-show-option -Wno-long-long -pthread -fomit-frame-pointer -ffunction-sections -fdata-sections  -msse -msse2 -msse3 -fvisibility=hidden -DCHECK_FUNCTION_EXISTS=XOpenDisplay -O3 -DNDEBUG    -Wl,--gc-sections  CMakeFiles/cmTC_2e999.dir/CheckFunctionExists.c.o  -o cmTC_2e999 -rdynamic /usr/lib/x86_64-linux-gnu/libX11.so /usr/lib/x86_64-linux-gnu/libXext.so 
make[1]: Leaving directory '/home/juiwenyeh/Lazi_tech/MakeNTU_2019_G27/OpenCV/build/CMakeFiles/CMakeTmp'


Determining if the function gethostbyname exists passed with the following output:
Change Dir: /home/juiwenyeh/Lazi_tech/MakeNTU_2019_G27/OpenCV/build/CMakeFiles/CMakeTmp

Run Build Command:"/usr/bin/make" "cmTC_7a1e0/fast"
/usr/bin/make -f CMakeFiles/cmTC_7a1e0.dir/build.make CMakeFiles/cmTC_7a1e0.dir/build
make[1]: Entering directory '/home/juiwenyeh/Lazi_tech/MakeNTU_2019_G27/OpenCV/build/CMakeFiles/CMakeTmp'
Building C object CMakeFiles/cmTC_7a1e0.dir/CheckFunctionExists.c.o
/usr/local/bin/gcc    -fsigned-char -W -Wall -Werror=return-type -Werror=non-virtual-dtor -Werror=address -Werror=sequence-point -Wformat -Werror=format-security -Wmissing-declarations -Wmissing-prototypes -Wstrict-prototypes -Wundef -Winit-self -Wpointer-arith -Wshadow -Wuninitialized -Winit-self -Wno-narrowing -Wno-comment -Wimplicit-fallthrough=3 -fdiagnostics-show-option -Wno-long-long -pthread -fomit-frame-pointer -ffunction-sections -fdata-sections  -msse -msse2 -msse3 -fvisibility=hidden -DCHECK_FUNCTION_EXISTS=gethostbyname -O3 -DNDEBUG -fPIE   -o CMakeFiles/cmTC_7a1e0.dir/CheckFunctionExists.c.o   -c /usr/share/cmake-3.7/Modules/CheckFunctionExists.c
/usr/share/cmake-3.7/Modules/CheckFunctionExists.c:7:3: 警告：函式宣告不是一個原型 [-Wstrict-prototypes]
   CHECK_FUNCTION_EXISTS();
   ^~~~~~~~~~~~~~~~~~~~~
Linking C executable cmTC_7a1e0
/usr/bin/cmake -E cmake_link_script CMakeFiles/cmTC_7a1e0.dir/link.txt --verbose=1
/usr/local/bin/gcc     -fsigned-char -W -Wall -Werror=return-type -Werror=non-virtual-dtor -Werror=address -Werror=sequence-point -Wformat -Werror=format-security -Wmissing-declarations -Wmissing-prototypes -Wstrict-prototypes -Wundef -Winit-self -Wpointer-arith -Wshadow -Wuninitialized -Winit-self -Wno-narrowing -Wno-comment -Wimplicit-fallthrough=3 -fdiagnostics-show-option -Wno-long-long -pthread -fomit-frame-pointer -ffunction-sections -fdata-sections  -msse -msse2 -msse3 -fvisibility=hidden -DCHECK_FUNCTION_EXISTS=gethostbyname -O3 -DNDEBUG    -Wl,--gc-sections  CMakeFiles/cmTC_7a1e0.dir/CheckFunctionExists.c.o  -o cmTC_7a1e0 -rdynamic 
make[1]: Leaving directory '/home/juiwenyeh/Lazi_tech/MakeNTU_2019_G27/OpenCV/build/CMakeFiles/CMakeTmp'


Determining if the function connect exists passed with the following output:
Change Dir: /home/juiwenyeh/Lazi_tech/MakeNTU_2019_G27/OpenCV/build/CMakeFiles/CMakeTmp

Run Build Command:"/usr/bin/make" "cmTC_935fa/fast"
/usr/bin/make -f CMakeFiles/cmTC_935fa.dir/build.make CMakeFiles/cmTC_935fa.dir/build
make[1]: Entering directory '/home/juiwenyeh/Lazi_tech/MakeNTU_2019_G27/OpenCV/build/CMakeFiles/CMakeTmp'
Building C object CMakeFiles/cmTC_935fa.dir/CheckFunctionExists.c.o
/usr/local/bin/gcc    -fsigned-char -W -Wall -Werror=return-type -Werror=non-virtual-dtor -Werror=address -Werror=sequence-point -Wformat -Werror=format-security -Wmissing-declarations -Wmissing-prototypes -Wstrict-prototypes -Wundef -Winit-self -Wpointer-arith -Wshadow -Wuninitialized -Winit-self -Wno-narrowing -Wno-comment -Wimplicit-fallthrough=3 -fdiagnostics-show-option -Wno-long-long -pthread -fomit-frame-pointer -ffunction-sections -fdata-sections  -msse -msse2 -msse3 -fvisibility=hidden -DCHECK_FUNCTION_EXISTS=connect -O3 -DNDEBUG -fPIE   -o CMakeFiles/cmTC_935fa.dir/CheckFunctionExists.c.o   -c /usr/share/cmake-3.7/Modules/CheckFunctionExists.c
/usr/share/cmake-3.7/Modules/CheckFunctionExists.c:7:3: 警告：函式宣告不是一個原型 [-Wstrict-prototypes]
   CHECK_FUNCTION_EXISTS();
   ^~~~~~~~~~~~~~~~~~~~~
Linking C executable cmTC_935fa
/usr/bin/cmake -E cmake_link_script CMakeFiles/cmTC_935fa.dir/link.txt --verbose=1
/usr/local/bin/gcc     -fsigned-char -W -Wall -Werror=return-type -Werror=non-virtual-dtor -Werror=address -Werror=sequence-point -Wformat -Werror=format-security -Wmissing-declarations -Wmissing-prototypes -Wstrict-prototypes -Wundef -Winit-self -Wpointer-arith -Wshadow -Wuninitialized -Winit-self -Wno-narrowing -Wno-comment -Wimplicit-fallthrough=3 -fdiagnostics-show-option -Wno-long-long -pthread -fomit-frame-pointer -ffunction-sections -fdata-sections  -msse -msse2 -msse3 -fvisibility=hidden -DCHECK_FUNCTION_EXISTS=connect -O3 -DNDEBUG    -Wl,--gc-sections  CMakeFiles/cmTC_935fa.dir/CheckFunctionExists.c.o  -o cmTC_935fa -rdynamic 
make[1]: Leaving directory '/home/juiwenyeh/Lazi_tech/MakeNTU_2019_G27/OpenCV/build/CMakeFiles/CMakeTmp'


Determining if the function remove exists passed with the following output:
Change Dir: /home/juiwenyeh/Lazi_tech/MakeNTU_2019_G27/OpenCV/build/CMakeFiles/CMakeTmp

Run Build Command:"/usr/bin/make" "cmTC_16e57/fast"
/usr/bin/make -f CMakeFiles/cmTC_16e57.dir/build.make CMakeFiles/cmTC_16e57.dir/build
make[1]: Entering directory '/home/juiwenyeh/Lazi_tech/MakeNTU_2019_G27/OpenCV/build/CMakeFiles/CMakeTmp'
Building C object CMakeFiles/cmTC_16e57.dir/CheckFunctionExists.c.o
/usr/local/bin/gcc    -fsigned-char -W -Wall -Werror=return-type -Werror=non-virtual-dtor -Werror=address -Werror=sequence-point -Wformat -Werror=format-security -Wmissing-declarations -Wmissing-prototypes -Wstrict-prototypes -Wundef -Winit-self -Wpointer-arith -Wshadow -Wuninitialized -Winit-self -Wno-narrowing -Wno-comment -Wimplicit-fallthrough=3 -fdiagnostics-show-option -Wno-long-long -pthread -fomit-frame-pointer -ffunction-sections -fdata-sections  -msse -msse2 -msse3 -fvisibility=hidden -DCHECK_FUNCTION_EXISTS=remove -O3 -DNDEBUG -fPIE   -o CMakeFiles/cmTC_16e57.dir/CheckFunctionExists.c.o   -c /usr/share/cmake-3.7/Modules/CheckFunctionExists.c
/usr/share/cmake-3.7/Modules/CheckFunctionExists.c:7:3: 警告：函式宣告不是一個原型 [-Wstrict-prototypes]
   CHECK_FUNCTION_EXISTS();
   ^~~~~~~~~~~~~~~~~~~~~
Linking C executable cmTC_16e57
/usr/bin/cmake -E cmake_link_script CMakeFiles/cmTC_16e57.dir/link.txt --verbose=1
/usr/local/bin/gcc     -fsigned-char -W -Wall -Werror=return-type -Werror=non-virtual-dtor -Werror=address -Werror=sequence-point -Wformat -Werror=format-security -Wmissing-declarations -Wmissing-prototypes -Wstrict-prototypes -Wundef -Winit-self -Wpointer-arith -Wshadow -Wuninitialized -Winit-self -Wno-narrowing -Wno-comment -Wimplicit-fallthrough=3 -fdiagnostics-show-option -Wno-long-long -pthread -fomit-frame-pointer -ffunction-sections -fdata-sections  -msse -msse2 -msse3 -fvisibility=hidden -DCHECK_FUNCTION_EXISTS=remove -O3 -DNDEBUG    -Wl,--gc-sections  CMakeFiles/cmTC_16e57.dir/CheckFunctionExists.c.o  -o cmTC_16e57 -rdynamic 
make[1]: Leaving directory '/home/juiwenyeh/Lazi_tech/MakeNTU_2019_G27/OpenCV/build/CMakeFiles/CMakeTmp'


Determining if the function shmat exists passed with the following output:
Change Dir: /home/juiwenyeh/Lazi_tech/MakeNTU_2019_G27/OpenCV/build/CMakeFiles/CMakeTmp

Run Build Command:"/usr/bin/make" "cmTC_88371/fast"
/usr/bin/make -f CMakeFiles/cmTC_88371.dir/build.make CMakeFiles/cmTC_88371.dir/build
make[1]: Entering directory '/home/juiwenyeh/Lazi_tech/MakeNTU_2019_G27/OpenCV/build/CMakeFiles/CMakeTmp'
Building C object CMakeFiles/cmTC_88371.dir/CheckFunctionExists.c.o
/usr/local/bin/gcc    -fsigned-char -W -Wall -Werror=return-type -Werror=non-virtual-dtor -Werror=address -Werror=sequence-point -Wformat -Werror=format-security -Wmissing-declarations -Wmissing-prototypes -Wstrict-prototypes -Wundef -Winit-self -Wpointer-arith -Wshadow -Wuninitialized -Winit-self -Wno-narrowing -Wno-comment -Wimplicit-fallthrough=3 -fdiagnostics-show-option -Wno-long-long -pthread -fomit-frame-pointer -ffunction-sections -fdata-sections  -msse -msse2 -msse3 -fvisibility=hidden -DCHECK_FUNCTION_EXISTS=shmat -O3 -DNDEBUG -fPIE   -o CMakeFiles/cmTC_88371.dir/CheckFunctionExists.c.o   -c /usr/share/cmake-3.7/Modules/CheckFunctionExists.c
/usr/share/cmake-3.7/Modules/CheckFunctionExists.c:7:3: 警告：函式宣告不是一個原型 [-Wstrict-prototypes]
   CHECK_FUNCTION_EXISTS();
   ^~~~~~~~~~~~~~~~~~~~~
Linking C executable cmTC_88371
/usr/bin/cmake -E cmake_link_script CMakeFiles/cmTC_88371.dir/link.txt --verbose=1
/usr/local/bin/gcc     -fsigned-char -W -Wall -Werror=return-type -Werror=non-virtual-dtor -Werror=address -Werror=sequence-point -Wformat -Werror=format-security -Wmissing-declarations -Wmissing-prototypes -Wstrict-prototypes -Wundef -Winit-self -Wpointer-arith -Wshadow -Wuninitialized -Winit-self -Wno-narrowing -Wno-comment -Wimplicit-fallthrough=3 -fdiagnostics-show-option -Wno-long-long -pthread -fomit-frame-pointer -ffunction-sections -fdata-sections  -msse -msse2 -msse3 -fvisibility=hidden -DCHECK_FUNCTION_EXISTS=shmat -O3 -DNDEBUG    -Wl,--gc-sections  CMakeFiles/cmTC_88371.dir/CheckFunctionExists.c.o  -o cmTC_88371 -rdynamic 
make[1]: Leaving directory '/home/juiwenyeh/Lazi_tech/MakeNTU_2019_G27/OpenCV/build/CMakeFiles/CMakeTmp'


Determining if the function IceConnectionNumber exists in the ICE passed with the following output:
Change Dir: /home/juiwenyeh/Lazi_tech/MakeNTU_2019_G27/OpenCV/build/CMakeFiles/CMakeTmp

Run Build Command:"/usr/bin/make" "cmTC_74136/fast"
/usr/bin/make -f CMakeFiles/cmTC_74136.dir/build.make CMakeFiles/cmTC_74136.dir/build
make[1]: Entering directory '/home/juiwenyeh/Lazi_tech/MakeNTU_2019_G27/OpenCV/build/CMakeFiles/CMakeTmp'
Building C object CMakeFiles/cmTC_74136.dir/CheckFunctionExists.c.o
/usr/local/bin/gcc    -fsigned-char -W -Wall -Werror=return-type -Werror=non-virtual-dtor -Werror=address -Werror=sequence-point -Wformat -Werror=format-security -Wmissing-declarations -Wmissing-prototypes -Wstrict-prototypes -Wundef -Winit-self -Wpointer-arith -Wshadow -Wuninitialized -Winit-self -Wno-narrowing -Wno-comment -Wimplicit-fallthrough=3 -fdiagnostics-show-option -Wno-long-long -pthread -fomit-frame-pointer -ffunction-sections -fdata-sections  -msse -msse2 -msse3 -fvisibility=hidden -DCHECK_FUNCTION_EXISTS=IceConnectionNumber -O3 -DNDEBUG -fPIE   -o CMakeFiles/cmTC_74136.dir/CheckFunctionExists.c.o   -c /usr/share/cmake-3.7/Modules/CheckFunctionExists.c
/usr/share/cmake-3.7/Modules/CheckFunctionExists.c:7:3: 警告：函式宣告不是一個原型 [-Wstrict-prototypes]
   CHECK_FUNCTION_EXISTS();
   ^~~~~~~~~~~~~~~~~~~~~
Linking C executable cmTC_74136
/usr/bin/cmake -E cmake_link_script CMakeFiles/cmTC_74136.dir/link.txt --verbose=1
/usr/local/bin/gcc     -fsigned-char -W -Wall -Werror=return-type -Werror=non-virtual-dtor -Werror=address -Werror=sequence-point -Wformat -Werror=format-security -Wmissing-declarations -Wmissing-prototypes -Wstrict-prototypes -Wundef -Winit-self -Wpointer-arith -Wshadow -Wuninitialized -Winit-self -Wno-narrowing -Wno-comment -Wimplicit-fallthrough=3 -fdiagnostics-show-option -Wno-long-long -pthread -fomit-frame-pointer -ffunction-sections -fdata-sections  -msse -msse2 -msse3 -fvisibility=hidden -DCHECK_FUNCTION_EXISTS=IceConnectionNumber -O3 -DNDEBUG    -Wl,--gc-sections  CMakeFiles/cmTC_74136.dir/CheckFunctionExists.c.o  -o cmTC_74136 -rdynamic -lICE 
make[1]: Leaving directory '/home/juiwenyeh/Lazi_tech/MakeNTU_2019_G27/OpenCV/build/CMakeFiles/CMakeTmp'


